{
  "stats": {
    "suites": 1,
    "tests": 39,
    "passes": 39,
    "pending": 0,
    "failures": 0,
    "start": "2021-12-04T18:30:09.413Z",
    "end": "2021-12-04T18:34:14.048Z",
    "duration": 244635,
    "testsRegistered": 39,
    "passPercent": 100,
    "pendingPercent": 0,
    "other": 0,
    "hasOther": false,
    "skipped": 0,
    "hasSkipped": false
  },
  "results": [
    {
      "uuid": "ec3b98bd-9dd6-48e2-b3d5-01002c405870",
      "title": "",
      "fullFile": "src/tests/cypress/integration/app.spec.js",
      "file": "src/tests/cypress/integration/app.spec.js",
      "beforeHooks": [],
      "afterHooks": [],
      "tests": [],
      "suites": [
        {
          "uuid": "c491838e-2842-4fdc-8f0e-7ff836af9273",
          "title": "Check for render",
          "fullFile": "",
          "file": "",
          "beforeHooks": [],
          "afterHooks": [],
          "tests": [
            {
              "title": "should navigate to the '/' page",
              "fullTitle": "Check for render should navigate to the '/' page",
              "timedOut": null,
              "duration": 31411,
              "state": "passed",
              "speed": "slow",
              "pass": true,
              "fail": false,
              "pending": false,
              "context": null,
              "code": "cy.visit(root);\ncy.get(\"body\").should('not.contain', _error.ERROR_HEADER_TEXT);",
              "err": {},
              "uuid": "56a031d6-2cfa-46ba-8729-0e7ff48ee17a",
              "parentUUID": "c491838e-2842-4fdc-8f0e-7ff836af9273",
              "isHook": false,
              "skipped": false
            },
            {
              "title": "should navigate to the '/stories' page",
              "fullTitle": "Check for render should navigate to the '/stories' page",
              "timedOut": null,
              "duration": 5163,
              "state": "passed",
              "speed": "slow",
              "pass": true,
              "fail": false,
              "pending": false,
              "context": null,
              "code": "cy.visit(root);\ncy.get(\"body\").should('not.contain', _error.ERROR_HEADER_TEXT);",
              "err": {},
              "uuid": "6c87f09f-1da4-414e-9d64-aedef00c590f",
              "parentUUID": "c491838e-2842-4fdc-8f0e-7ff836af9273",
              "isHook": false,
              "skipped": false
            },
            {
              "title": "should navigate to the '/movies' page",
              "fullTitle": "Check for render should navigate to the '/movies' page",
              "timedOut": null,
              "duration": 5751,
              "state": "passed",
              "speed": "slow",
              "pass": true,
              "fail": false,
              "pending": false,
              "context": null,
              "code": "cy.visit(root);\ncy.get(\"body\").should('not.contain', _error.ERROR_HEADER_TEXT);",
              "err": {},
              "uuid": "647d2aa9-51b1-4723-bb0e-059d90cb431b",
              "parentUUID": "c491838e-2842-4fdc-8f0e-7ff836af9273",
              "isHook": false,
              "skipped": false
            },
            {
              "title": "should navigate to the '/movies/tt0454876' page",
              "fullTitle": "Check for render should navigate to the '/movies/tt0454876' page",
              "timedOut": null,
              "duration": 9104,
              "state": "passed",
              "speed": "slow",
              "pass": true,
              "fail": false,
              "pending": false,
              "context": null,
              "code": "cy.visit(root);\ncy.get(\"body\").should('not.contain', _error.ERROR_HEADER_TEXT);",
              "err": {},
              "uuid": "ac79e19c-ef71-4022-93ea-55cc87056eef",
              "parentUUID": "c491838e-2842-4fdc-8f0e-7ff836af9273",
              "isHook": false,
              "skipped": false
            },
            {
              "title": "should navigate to the '/movies/festivals' page",
              "fullTitle": "Check for render should navigate to the '/movies/festivals' page",
              "timedOut": null,
              "duration": 6497,
              "state": "passed",
              "speed": "slow",
              "pass": true,
              "fail": false,
              "pending": false,
              "context": null,
              "code": "cy.visit(root);\ncy.get(\"body\").should('not.contain', _error.ERROR_HEADER_TEXT);",
              "err": {},
              "uuid": "515a90ec-1214-4bb4-8d13-1d92fb5fd031",
              "parentUUID": "c491838e-2842-4fdc-8f0e-7ff836af9273",
              "isHook": false,
              "skipped": false
            },
            {
              "title": "should navigate to the '/movies/festivals/mf00001' page",
              "fullTitle": "Check for render should navigate to the '/movies/festivals/mf00001' page",
              "timedOut": null,
              "duration": 7217,
              "state": "passed",
              "speed": "slow",
              "pass": true,
              "fail": false,
              "pending": false,
              "context": null,
              "code": "cy.visit(root);\ncy.get(\"body\").should('not.contain', _error.ERROR_HEADER_TEXT);",
              "err": {},
              "uuid": "987e5f96-748e-47ea-ad21-11da33666d0d",
              "parentUUID": "c491838e-2842-4fdc-8f0e-7ff836af9273",
              "isHook": false,
              "skipped": false
            },
            {
              "title": "should navigate to the '/movies/stories' page",
              "fullTitle": "Check for render should navigate to the '/movies/stories' page",
              "timedOut": null,
              "duration": 3534,
              "state": "passed",
              "speed": "slow",
              "pass": true,
              "fail": false,
              "pending": false,
              "context": null,
              "code": "cy.visit(root);\ncy.get(\"body\").should('not.contain', _error.ERROR_HEADER_TEXT);",
              "err": {},
              "uuid": "b2220afe-9775-48be-92b4-ae253fec6ac9",
              "parentUUID": "c491838e-2842-4fdc-8f0e-7ff836af9273",
              "isHook": false,
              "skipped": false
            },
            {
              "title": "should navigate to the '/movies/stories/actors' page",
              "fullTitle": "Check for render should navigate to the '/movies/stories/actors' page",
              "timedOut": null,
              "duration": 2975,
              "state": "passed",
              "speed": "slow",
              "pass": true,
              "fail": false,
              "pending": false,
              "context": null,
              "code": "cy.visit(root);\ncy.get(\"body\").should('not.contain', _error.ERROR_HEADER_TEXT);",
              "err": {},
              "uuid": "43515943-69de-4537-8488-4e3d6d054b1d",
              "parentUUID": "c491838e-2842-4fdc-8f0e-7ff836af9273",
              "isHook": false,
              "skipped": false
            },
            {
              "title": "should navigate to the '/movies/stories/awards' page",
              "fullTitle": "Check for render should navigate to the '/movies/stories/awards' page",
              "timedOut": null,
              "duration": 3689,
              "state": "passed",
              "speed": "slow",
              "pass": true,
              "fail": false,
              "pending": false,
              "context": null,
              "code": "cy.visit(root);\ncy.get(\"body\").should('not.contain', _error.ERROR_HEADER_TEXT);",
              "err": {},
              "uuid": "87298f99-cec3-4317-a042-efb6b675579e",
              "parentUUID": "c491838e-2842-4fdc-8f0e-7ff836af9273",
              "isHook": false,
              "skipped": false
            },
            {
              "title": "should navigate to the '/movies/stories/awards/award=mf00001&&year=2015' page",
              "fullTitle": "Check for render should navigate to the '/movies/stories/awards/award=mf00001&&year=2015' page",
              "timedOut": null,
              "duration": 3545,
              "state": "passed",
              "speed": "slow",
              "pass": true,
              "fail": false,
              "pending": false,
              "context": null,
              "code": "cy.visit(root);\ncy.get(\"body\").should('not.contain', _error.ERROR_HEADER_TEXT);",
              "err": {},
              "uuid": "6290649e-4795-4b68-a964-e98eb8b22aa0",
              "parentUUID": "c491838e-2842-4fdc-8f0e-7ff836af9273",
              "isHook": false,
              "skipped": false
            },
            {
              "title": "should navigate to the '/movies/stories/directors' page",
              "fullTitle": "Check for render should navigate to the '/movies/stories/directors' page",
              "timedOut": null,
              "duration": 2277,
              "state": "passed",
              "speed": "slow",
              "pass": true,
              "fail": false,
              "pending": false,
              "context": null,
              "code": "cy.visit(root);\ncy.get(\"body\").should('not.contain', _error.ERROR_HEADER_TEXT);",
              "err": {},
              "uuid": "bbe214a0-baf1-4426-88cd-a3b96a94dc5f",
              "parentUUID": "c491838e-2842-4fdc-8f0e-7ff836af9273",
              "isHook": false,
              "skipped": false
            },
            {
              "title": "should navigate to the '/movies/stories/remakes' page",
              "fullTitle": "Check for render should navigate to the '/movies/stories/remakes' page",
              "timedOut": null,
              "duration": 3422,
              "state": "passed",
              "speed": "slow",
              "pass": true,
              "fail": false,
              "pending": false,
              "context": null,
              "code": "cy.visit(root);\ncy.get(\"body\").should('not.contain', _error.ERROR_HEADER_TEXT);",
              "err": {},
              "uuid": "2382915e-6268-4911-9a3a-874c2b154d84",
              "parentUUID": "c491838e-2842-4fdc-8f0e-7ff836af9273",
              "isHook": false,
              "skipped": false
            },
            {
              "title": "should navigate to the '/movies/stories/writers' page",
              "fullTitle": "Check for render should navigate to the '/movies/stories/writers' page",
              "timedOut": null,
              "duration": 2878,
              "state": "passed",
              "speed": "slow",
              "pass": true,
              "fail": false,
              "pending": false,
              "context": null,
              "code": "cy.visit(root);\ncy.get(\"body\").should('not.contain', _error.ERROR_HEADER_TEXT);",
              "err": {},
              "uuid": "ee36060f-afb7-43c8-ab36-34c1c9ce1ef3",
              "parentUUID": "c491838e-2842-4fdc-8f0e-7ff836af9273",
              "isHook": false,
              "skipped": false
            },
            {
              "title": "should navigate to the '/tv-shows' page",
              "fullTitle": "Check for render should navigate to the '/tv-shows' page",
              "timedOut": null,
              "duration": 4811,
              "state": "passed",
              "speed": "slow",
              "pass": true,
              "fail": false,
              "pending": false,
              "context": null,
              "code": "cy.visit(root);\ncy.get(\"body\").should('not.contain', _error.ERROR_HEADER_TEXT);",
              "err": {},
              "uuid": "fea560b3-58e2-45c6-aab0-c8b0f69c6914",
              "parentUUID": "c491838e-2842-4fdc-8f0e-7ff836af9273",
              "isHook": false,
              "skipped": false
            },
            {
              "title": "should navigate to the '/tv-shows/tt0454876' page",
              "fullTitle": "Check for render should navigate to the '/tv-shows/tt0454876' page",
              "timedOut": null,
              "duration": 3069,
              "state": "passed",
              "speed": "slow",
              "pass": true,
              "fail": false,
              "pending": false,
              "context": null,
              "code": "cy.visit(root);\ncy.get(\"body\").should('not.contain', _error.ERROR_HEADER_TEXT);",
              "err": {},
              "uuid": "8e1d39d4-5e3e-4fcc-a90b-2d58f55f5da4",
              "parentUUID": "c491838e-2842-4fdc-8f0e-7ff836af9273",
              "isHook": false,
              "skipped": false
            },
            {
              "title": "should navigate to the '/tv-shows/stories' page",
              "fullTitle": "Check for render should navigate to the '/tv-shows/stories' page",
              "timedOut": null,
              "duration": 2706,
              "state": "passed",
              "speed": "slow",
              "pass": true,
              "fail": false,
              "pending": false,
              "context": null,
              "code": "cy.visit(root);\ncy.get(\"body\").should('not.contain', _error.ERROR_HEADER_TEXT);",
              "err": {},
              "uuid": "26947727-f1e9-40cd-b6ce-c5ee7abcd1ae",
              "parentUUID": "c491838e-2842-4fdc-8f0e-7ff836af9273",
              "isHook": false,
              "skipped": false
            },
            {
              "title": "should navigate to the '/tv-shows/stories/actors' page",
              "fullTitle": "Check for render should navigate to the '/tv-shows/stories/actors' page",
              "timedOut": null,
              "duration": 2803,
              "state": "passed",
              "speed": "slow",
              "pass": true,
              "fail": false,
              "pending": false,
              "context": null,
              "code": "cy.visit(root);\ncy.get(\"body\").should('not.contain', _error.ERROR_HEADER_TEXT);",
              "err": {},
              "uuid": "4cdc2dff-f428-460f-a0ad-329fc6100866",
              "parentUUID": "c491838e-2842-4fdc-8f0e-7ff836af9273",
              "isHook": false,
              "skipped": false
            },
            {
              "title": "should navigate to the '/tv-shows/stories/directors' page",
              "fullTitle": "Check for render should navigate to the '/tv-shows/stories/directors' page",
              "timedOut": null,
              "duration": 2966,
              "state": "passed",
              "speed": "slow",
              "pass": true,
              "fail": false,
              "pending": false,
              "context": null,
              "code": "cy.visit(root);\ncy.get(\"body\").should('not.contain', _error.ERROR_HEADER_TEXT);",
              "err": {},
              "uuid": "e3406633-62c0-49e5-a384-d0fd2e7b4a32",
              "parentUUID": "c491838e-2842-4fdc-8f0e-7ff836af9273",
              "isHook": false,
              "skipped": false
            },
            {
              "title": "should navigate to the '/tv-shows/stories/remakes' page",
              "fullTitle": "Check for render should navigate to the '/tv-shows/stories/remakes' page",
              "timedOut": null,
              "duration": 3600,
              "state": "passed",
              "speed": "slow",
              "pass": true,
              "fail": false,
              "pending": false,
              "context": null,
              "code": "cy.visit(root);\ncy.get(\"body\").should('not.contain', _error.ERROR_HEADER_TEXT);",
              "err": {},
              "uuid": "e50b35d7-28db-4120-946f-dc8ff47787dc",
              "parentUUID": "c491838e-2842-4fdc-8f0e-7ff836af9273",
              "isHook": false,
              "skipped": false
            },
            {
              "title": "should navigate to the '/tv-shows/stories/writers' page",
              "fullTitle": "Check for render should navigate to the '/tv-shows/stories/writers' page",
              "timedOut": null,
              "duration": 3049,
              "state": "passed",
              "speed": "slow",
              "pass": true,
              "fail": false,
              "pending": false,
              "context": null,
              "code": "cy.visit(root);\ncy.get(\"body\").should('not.contain', _error.ERROR_HEADER_TEXT);",
              "err": {},
              "uuid": "d0c1d445-c3af-4a14-aca4-c1bdc069645a",
              "parentUUID": "c491838e-2842-4fdc-8f0e-7ff836af9273",
              "isHook": false,
              "skipped": false
            },
            {
              "title": "should navigate to the '/video-games' page",
              "fullTitle": "Check for render should navigate to the '/video-games' page",
              "timedOut": null,
              "duration": 4991,
              "state": "passed",
              "speed": "slow",
              "pass": true,
              "fail": false,
              "pending": false,
              "context": null,
              "code": "cy.visit(root);\ncy.get(\"body\").should('not.contain', _error.ERROR_HEADER_TEXT);",
              "err": {},
              "uuid": "41e2185b-bda0-43d4-91d2-814703d55bd3",
              "parentUUID": "c491838e-2842-4fdc-8f0e-7ff836af9273",
              "isHook": false,
              "skipped": false
            },
            {
              "title": "should navigate to the '/video-games/stories' page",
              "fullTitle": "Check for render should navigate to the '/video-games/stories' page",
              "timedOut": null,
              "duration": 3033,
              "state": "passed",
              "speed": "slow",
              "pass": true,
              "fail": false,
              "pending": false,
              "context": null,
              "code": "cy.visit(root);\ncy.get(\"body\").should('not.contain', _error.ERROR_HEADER_TEXT);",
              "err": {},
              "uuid": "0e08b338-a962-48d5-b18e-7959875dbbe8",
              "parentUUID": "c491838e-2842-4fdc-8f0e-7ff836af9273",
              "isHook": false,
              "skipped": false
            },
            {
              "title": "should navigate to the '/video-games/tt0022215' page",
              "fullTitle": "Check for render should navigate to the '/video-games/tt0022215' page",
              "timedOut": null,
              "duration": 4657,
              "state": "passed",
              "speed": "slow",
              "pass": true,
              "fail": false,
              "pending": false,
              "context": null,
              "code": "cy.visit(root);\ncy.get(\"body\").should('not.contain', _error.ERROR_HEADER_TEXT);",
              "err": {},
              "uuid": "b49a60ef-a132-42a1-967d-b62a1162d49c",
              "parentUUID": "c491838e-2842-4fdc-8f0e-7ff836af9273",
              "isHook": false,
              "skipped": false
            },
            {
              "title": "should navigate to the '/podcasts' page",
              "fullTitle": "Check for render should navigate to the '/podcasts' page",
              "timedOut": null,
              "duration": 24154,
              "state": "passed",
              "speed": "slow",
              "pass": true,
              "fail": false,
              "pending": false,
              "context": null,
              "code": "cy.visit(root);\ncy.get(\"body\").should('not.contain', _error.ERROR_HEADER_TEXT);",
              "err": {},
              "uuid": "003b179e-f9c2-49d9-a0a2-4da95742e7d2",
              "parentUUID": "c491838e-2842-4fdc-8f0e-7ff836af9273",
              "isHook": false,
              "skipped": false
            },
            {
              "title": "should navigate to the '/podcasts/stories' page",
              "fullTitle": "Check for render should navigate to the '/podcasts/stories' page",
              "timedOut": null,
              "duration": 7433,
              "state": "passed",
              "speed": "slow",
              "pass": true,
              "fail": false,
              "pending": false,
              "context": null,
              "code": "cy.visit(root);\ncy.get(\"body\").should('not.contain', _error.ERROR_HEADER_TEXT);",
              "err": {},
              "uuid": "fdf4db2c-41bd-49ec-b20e-5d6ae2bd64c9",
              "parentUUID": "c491838e-2842-4fdc-8f0e-7ff836af9273",
              "isHook": false,
              "skipped": false
            },
            {
              "title": "should navigate to the '/podcasts/0002da5f-49a2-31ba-b44c-cdeabdf113cb' page",
              "fullTitle": "Check for render should navigate to the '/podcasts/0002da5f-49a2-31ba-b44c-cdeabdf113cb' page",
              "timedOut": null,
              "duration": 9015,
              "state": "passed",
              "speed": "slow",
              "pass": true,
              "fail": false,
              "pending": false,
              "context": null,
              "code": "cy.visit(root);\ncy.get(\"body\").should('not.contain', _error.ERROR_HEADER_TEXT);",
              "err": {},
              "uuid": "fd0286d8-f7bf-4e11-a662-923d436f348f",
              "parentUUID": "c491838e-2842-4fdc-8f0e-7ff836af9273",
              "isHook": false,
              "skipped": false
            },
            {
              "title": "should navigate to the '/people' page",
              "fullTitle": "Check for render should navigate to the '/people' page",
              "timedOut": null,
              "duration": 13014,
              "state": "passed",
              "speed": "slow",
              "pass": true,
              "fail": false,
              "pending": false,
              "context": null,
              "code": "cy.visit(root);\ncy.get(\"body\").should('not.contain', _error.ERROR_HEADER_TEXT);",
              "err": {},
              "uuid": "217c54bd-5c19-411d-aedd-5c98672bcbe2",
              "parentUUID": "c491838e-2842-4fdc-8f0e-7ff836af9273",
              "isHook": false,
              "skipped": false
            },
            {
              "title": "should navigate to the '/people/stories' page",
              "fullTitle": "Check for render should navigate to the '/people/stories' page",
              "timedOut": null,
              "duration": 11358,
              "state": "passed",
              "speed": "slow",
              "pass": true,
              "fail": false,
              "pending": false,
              "context": null,
              "code": "cy.visit(root);\ncy.get(\"body\").should('not.contain', _error.ERROR_HEADER_TEXT);",
              "err": {},
              "uuid": "434a0bbe-6d93-4a30-b7ad-64bdfe97abf0",
              "parentUUID": "c491838e-2842-4fdc-8f0e-7ff836af9273",
              "isHook": false,
              "skipped": false
            },
            {
              "title": "should navigate to the '/people/nm0000158' page",
              "fullTitle": "Check for render should navigate to the '/people/nm0000158' page",
              "timedOut": null,
              "duration": 4598,
              "state": "passed",
              "speed": "slow",
              "pass": true,
              "fail": false,
              "pending": false,
              "context": null,
              "code": "cy.visit(root);\ncy.get(\"body\").should('not.contain', _error.ERROR_HEADER_TEXT);",
              "err": {},
              "uuid": "86da49ea-928c-4307-b08b-4500e5457e6b",
              "parentUUID": "c491838e-2842-4fdc-8f0e-7ff836af9273",
              "isHook": false,
              "skipped": false
            },
            {
              "title": "should navigate to the '/search' page",
              "fullTitle": "Check for render should navigate to the '/search' page",
              "timedOut": null,
              "duration": 5061,
              "state": "passed",
              "speed": "slow",
              "pass": true,
              "fail": false,
              "pending": false,
              "context": null,
              "code": "cy.visit(root);\ncy.get(\"body\").should('not.contain', _error.ERROR_HEADER_TEXT);",
              "err": {},
              "uuid": "63822681-1990-4698-b6ab-1395b525c9a3",
              "parentUUID": "c491838e-2842-4fdc-8f0e-7ff836af9273",
              "isHook": false,
              "skipped": false
            },
            {
              "title": "should navigate to the '/about' page",
              "fullTitle": "Check for render should navigate to the '/about' page",
              "timedOut": null,
              "duration": 3243,
              "state": "passed",
              "speed": "slow",
              "pass": true,
              "fail": false,
              "pending": false,
              "context": null,
              "code": "cy.visit(root);\ncy.get(\"body\").should('not.contain', _error.ERROR_HEADER_TEXT);",
              "err": {},
              "uuid": "38efe2e0-a19b-446b-b55f-f75f0c679694",
              "parentUUID": "c491838e-2842-4fdc-8f0e-7ff836af9273",
              "isHook": false,
              "skipped": false
            },
            {
              "title": "should navigate to the '/about/data' page",
              "fullTitle": "Check for render should navigate to the '/about/data' page",
              "timedOut": null,
              "duration": 4913,
              "state": "passed",
              "speed": "slow",
              "pass": true,
              "fail": false,
              "pending": false,
              "context": null,
              "code": "cy.visit(root);\ncy.get(\"body\").should('not.contain', _error.ERROR_HEADER_TEXT);",
              "err": {},
              "uuid": "22113a91-48cc-4568-81d5-10867a494867",
              "parentUUID": "c491838e-2842-4fdc-8f0e-7ff836af9273",
              "isHook": false,
              "skipped": false
            },
            {
              "title": "should navigate to the '/about/project' page",
              "fullTitle": "Check for render should navigate to the '/about/project' page",
              "timedOut": null,
              "duration": 2746,
              "state": "passed",
              "speed": "slow",
              "pass": true,
              "fail": false,
              "pending": false,
              "context": null,
              "code": "cy.visit(root);\ncy.get(\"body\").should('not.contain', _error.ERROR_HEADER_TEXT);",
              "err": {},
              "uuid": "1be2b99c-03b9-4e7b-b4b9-6378f5b83f88",
              "parentUUID": "c491838e-2842-4fdc-8f0e-7ff836af9273",
              "isHook": false,
              "skipped": false
            },
            {
              "title": "should navigate to the '/about/project/log' page",
              "fullTitle": "Check for render should navigate to the '/about/project/log' page",
              "timedOut": null,
              "duration": 3611,
              "state": "passed",
              "speed": "slow",
              "pass": true,
              "fail": false,
              "pending": false,
              "context": null,
              "code": "cy.visit(root);\ncy.get(\"body\").should('not.contain', _error.ERROR_HEADER_TEXT);",
              "err": {},
              "uuid": "81480c6c-c580-48a7-8582-88c215d3aaa5",
              "parentUUID": "c491838e-2842-4fdc-8f0e-7ff836af9273",
              "isHook": false,
              "skipped": false
            },
            {
              "title": "should navigate to the '/about/project/log/posts/7-7-v-1-1' page",
              "fullTitle": "Check for render should navigate to the '/about/project/log/posts/7-7-v-1-1' page",
              "timedOut": null,
              "duration": 4817,
              "state": "passed",
              "speed": "slow",
              "pass": true,
              "fail": false,
              "pending": false,
              "context": null,
              "code": "cy.visit(root);\ncy.get(\"body\").should('not.contain', _error.ERROR_HEADER_TEXT);",
              "err": {},
              "uuid": "c39ae2a0-6acf-4ed5-83b5-375dd56f863c",
              "parentUUID": "c491838e-2842-4fdc-8f0e-7ff836af9273",
              "isHook": false,
              "skipped": false
            },
            {
              "title": "should navigate to the '/about/project/roadmap' page",
              "fullTitle": "Check for render should navigate to the '/about/project/roadmap' page",
              "timedOut": null,
              "duration": 2859,
              "state": "passed",
              "speed": "slow",
              "pass": true,
              "fail": false,
              "pending": false,
              "context": null,
              "code": "cy.visit(root);\ncy.get(\"body\").should('not.contain', _error.ERROR_HEADER_TEXT);",
              "err": {},
              "uuid": "162def5e-1ae1-4a89-bd9a-89fbbfcd71b7",
              "parentUUID": "c491838e-2842-4fdc-8f0e-7ff836af9273",
              "isHook": false,
              "skipped": false
            },
            {
              "title": "should navigate to the '/about/project/sitemap' page",
              "fullTitle": "Check for render should navigate to the '/about/project/sitemap' page",
              "timedOut": null,
              "duration": 3987,
              "state": "passed",
              "speed": "slow",
              "pass": true,
              "fail": false,
              "pending": false,
              "context": null,
              "code": "cy.visit(root);\ncy.get(\"body\").should('not.contain', _error.ERROR_HEADER_TEXT);",
              "err": {},
              "uuid": "581d1152-15b4-458b-9282-47db9e618a6a",
              "parentUUID": "c491838e-2842-4fdc-8f0e-7ff836af9273",
              "isHook": false,
              "skipped": false
            },
            {
              "title": "should navigate to the '/about/tech' page",
              "fullTitle": "Check for render should navigate to the '/about/tech' page",
              "timedOut": null,
              "duration": 2857,
              "state": "passed",
              "speed": "slow",
              "pass": true,
              "fail": false,
              "pending": false,
              "context": null,
              "code": "cy.visit(root);\ncy.get(\"body\").should('not.contain', _error.ERROR_HEADER_TEXT);",
              "err": {},
              "uuid": "8a0932ca-86df-4a11-810d-b6c3ede0a2a9",
              "parentUUID": "c491838e-2842-4fdc-8f0e-7ff836af9273",
              "isHook": false,
              "skipped": false
            },
            {
              "title": "should navigate to the '/about/timeline' page",
              "fullTitle": "Check for render should navigate to the '/about/timeline' page",
              "timedOut": null,
              "duration": 9295,
              "state": "passed",
              "speed": "slow",
              "pass": true,
              "fail": false,
              "pending": false,
              "context": null,
              "code": "cy.visit(root);\ncy.get(\"body\").should('not.contain', _error.ERROR_HEADER_TEXT);",
              "err": {},
              "uuid": "bc383f14-0a95-46c6-9319-9634bb8a8349",
              "parentUUID": "c491838e-2842-4fdc-8f0e-7ff836af9273",
              "isHook": false,
              "skipped": false
            }
          ],
          "suites": [],
          "passes": [
            "56a031d6-2cfa-46ba-8729-0e7ff48ee17a",
            "6c87f09f-1da4-414e-9d64-aedef00c590f",
            "647d2aa9-51b1-4723-bb0e-059d90cb431b",
            "ac79e19c-ef71-4022-93ea-55cc87056eef",
            "515a90ec-1214-4bb4-8d13-1d92fb5fd031",
            "987e5f96-748e-47ea-ad21-11da33666d0d",
            "b2220afe-9775-48be-92b4-ae253fec6ac9",
            "43515943-69de-4537-8488-4e3d6d054b1d",
            "87298f99-cec3-4317-a042-efb6b675579e",
            "6290649e-4795-4b68-a964-e98eb8b22aa0",
            "bbe214a0-baf1-4426-88cd-a3b96a94dc5f",
            "2382915e-6268-4911-9a3a-874c2b154d84",
            "ee36060f-afb7-43c8-ab36-34c1c9ce1ef3",
            "fea560b3-58e2-45c6-aab0-c8b0f69c6914",
            "8e1d39d4-5e3e-4fcc-a90b-2d58f55f5da4",
            "26947727-f1e9-40cd-b6ce-c5ee7abcd1ae",
            "4cdc2dff-f428-460f-a0ad-329fc6100866",
            "e3406633-62c0-49e5-a384-d0fd2e7b4a32",
            "e50b35d7-28db-4120-946f-dc8ff47787dc",
            "d0c1d445-c3af-4a14-aca4-c1bdc069645a",
            "41e2185b-bda0-43d4-91d2-814703d55bd3",
            "0e08b338-a962-48d5-b18e-7959875dbbe8",
            "b49a60ef-a132-42a1-967d-b62a1162d49c",
            "003b179e-f9c2-49d9-a0a2-4da95742e7d2",
            "fdf4db2c-41bd-49ec-b20e-5d6ae2bd64c9",
            "fd0286d8-f7bf-4e11-a662-923d436f348f",
            "217c54bd-5c19-411d-aedd-5c98672bcbe2",
            "434a0bbe-6d93-4a30-b7ad-64bdfe97abf0",
            "86da49ea-928c-4307-b08b-4500e5457e6b",
            "63822681-1990-4698-b6ab-1395b525c9a3",
            "38efe2e0-a19b-446b-b55f-f75f0c679694",
            "22113a91-48cc-4568-81d5-10867a494867",
            "1be2b99c-03b9-4e7b-b4b9-6378f5b83f88",
            "81480c6c-c580-48a7-8582-88c215d3aaa5",
            "c39ae2a0-6acf-4ed5-83b5-375dd56f863c",
            "162def5e-1ae1-4a89-bd9a-89fbbfcd71b7",
            "581d1152-15b4-458b-9282-47db9e618a6a",
            "8a0932ca-86df-4a11-810d-b6c3ede0a2a9",
            "bc383f14-0a95-46c6-9319-9634bb8a8349"
          ],
          "failures": [],
          "pending": [],
          "skipped": [],
          "duration": 236109,
          "root": false,
          "rootEmpty": false,
          "_timeout": 2000
        }
      ],
      "passes": [],
      "failures": [],
      "pending": [],
      "skipped": [],
      "duration": 0,
      "root": true,
      "rootEmpty": true,
      "_timeout": 2000
    }
  ],
  "meta": {
    "mocha": {
      "version": "7.0.1"
    },
    "mochawesome": {
      "options": {
        "quiet": false,
        "reportFilename": "mochawesome",
        "saveHtml": false,
        "saveJson": true,
        "consoleReporter": "spec",
        "useInlineDiffs": false,
        "code": true
      },
      "version": "7.0.1"
    },
    "marge": {
      "options": {
        "charts": true,
        "overwrite": false,
        "html": false,
        "json": true,
        "reportDir": "src/tests/cypress/reports"
      },
      "version": "6.0.1"
    }
  }
}