{
  "stats": {
    "suites": 1,
    "tests": 39,
    "passes": 38,
    "pending": 0,
    "failures": 1,
    "start": "2021-12-04T22:23:44.961Z",
    "end": "2021-12-04T22:26:02.540Z",
    "duration": 137579,
    "testsRegistered": 39,
    "passPercent": 97.43589743589743,
    "pendingPercent": 0,
    "other": 0,
    "hasOther": false,
    "skipped": 0,
    "hasSkipped": false
  },
  "results": [
    {
      "uuid": "d8729028-9a81-4722-90be-b4a79917f125",
      "title": "",
      "fullFile": "src/tests/cypress/integration/app.spec.js",
      "file": "src/tests/cypress/integration/app.spec.js",
      "beforeHooks": [],
      "afterHooks": [],
      "tests": [],
      "suites": [
        {
          "uuid": "6aaf7b01-af8d-48b5-a0b5-bf6d9871e30e",
          "title": "Check for render",
          "fullFile": "",
          "file": "",
          "beforeHooks": [],
          "afterHooks": [],
          "tests": [
            {
              "title": "should navigate to the '/' page",
              "fullTitle": "Check for render should navigate to the '/' page",
              "timedOut": null,
              "duration": 14001,
              "state": "passed",
              "speed": "slow",
              "pass": true,
              "fail": false,
              "pending": false,
              "context": null,
              "code": "cy.visit(root);\ncy.get(\"body\").should('not.contain', _error.ERROR_HEADER_TEXT);",
              "err": {},
              "uuid": "79c87580-76dc-470b-b553-cf7c72661e91",
              "parentUUID": "6aaf7b01-af8d-48b5-a0b5-bf6d9871e30e",
              "isHook": false,
              "skipped": false
            },
            {
              "title": "should navigate to the '/stories' page",
              "fullTitle": "Check for render should navigate to the '/stories' page",
              "timedOut": null,
              "duration": 2087,
              "state": "passed",
              "speed": "slow",
              "pass": true,
              "fail": false,
              "pending": false,
              "context": null,
              "code": "cy.visit(root);\ncy.get(\"body\").should('not.contain', _error.ERROR_HEADER_TEXT);",
              "err": {},
              "uuid": "bfe8d4a3-f147-47cc-bab5-30384087c313",
              "parentUUID": "6aaf7b01-af8d-48b5-a0b5-bf6d9871e30e",
              "isHook": false,
              "skipped": false
            },
            {
              "title": "should navigate to the '/movies' page",
              "fullTitle": "Check for render should navigate to the '/movies' page",
              "timedOut": null,
              "duration": 3544,
              "state": "passed",
              "speed": "slow",
              "pass": true,
              "fail": false,
              "pending": false,
              "context": null,
              "code": "cy.visit(root);\ncy.get(\"body\").should('not.contain', _error.ERROR_HEADER_TEXT);",
              "err": {},
              "uuid": "647cb51e-a896-4790-bd67-c9fa7b8f798d",
              "parentUUID": "6aaf7b01-af8d-48b5-a0b5-bf6d9871e30e",
              "isHook": false,
              "skipped": false
            },
            {
              "title": "should navigate to the '/movies/tt0454876' page",
              "fullTitle": "Check for render should navigate to the '/movies/tt0454876' page",
              "timedOut": null,
              "duration": 3503,
              "state": "passed",
              "speed": "slow",
              "pass": true,
              "fail": false,
              "pending": false,
              "context": null,
              "code": "cy.visit(root);\ncy.get(\"body\").should('not.contain', _error.ERROR_HEADER_TEXT);",
              "err": {},
              "uuid": "17b3ad71-5fcd-45df-9c8c-4214df8c5fba",
              "parentUUID": "6aaf7b01-af8d-48b5-a0b5-bf6d9871e30e",
              "isHook": false,
              "skipped": false
            },
            {
              "title": "should navigate to the '/movies/festivals' page",
              "fullTitle": "Check for render should navigate to the '/movies/festivals' page",
              "timedOut": null,
              "duration": 2903,
              "state": "passed",
              "speed": "slow",
              "pass": true,
              "fail": false,
              "pending": false,
              "context": null,
              "code": "cy.visit(root);\ncy.get(\"body\").should('not.contain', _error.ERROR_HEADER_TEXT);",
              "err": {},
              "uuid": "f5f44fcc-2365-447a-b385-0a269782f8e8",
              "parentUUID": "6aaf7b01-af8d-48b5-a0b5-bf6d9871e30e",
              "isHook": false,
              "skipped": false
            },
            {
              "title": "should navigate to the '/movies/festivals/mf00001' page",
              "fullTitle": "Check for render should navigate to the '/movies/festivals/mf00001' page",
              "timedOut": null,
              "duration": 2423,
              "state": "passed",
              "speed": "slow",
              "pass": true,
              "fail": false,
              "pending": false,
              "context": null,
              "code": "cy.visit(root);\ncy.get(\"body\").should('not.contain', _error.ERROR_HEADER_TEXT);",
              "err": {},
              "uuid": "20f53a9c-dd38-471f-8445-ad474fc51abf",
              "parentUUID": "6aaf7b01-af8d-48b5-a0b5-bf6d9871e30e",
              "isHook": false,
              "skipped": false
            },
            {
              "title": "should navigate to the '/movies/stories' page",
              "fullTitle": "Check for render should navigate to the '/movies/stories' page",
              "timedOut": null,
              "duration": 2801,
              "state": "passed",
              "speed": "slow",
              "pass": true,
              "fail": false,
              "pending": false,
              "context": null,
              "code": "cy.visit(root);\ncy.get(\"body\").should('not.contain', _error.ERROR_HEADER_TEXT);",
              "err": {},
              "uuid": "a44f03c9-b715-4752-816e-1c8528c23fc6",
              "parentUUID": "6aaf7b01-af8d-48b5-a0b5-bf6d9871e30e",
              "isHook": false,
              "skipped": false
            },
            {
              "title": "should navigate to the '/movies/stories/actors' page",
              "fullTitle": "Check for render should navigate to the '/movies/stories/actors' page",
              "timedOut": null,
              "duration": 8759,
              "state": "failed",
              "speed": null,
              "pass": false,
              "fail": true,
              "pending": false,
              "context": null,
              "code": "cy.visit(root);\ncy.get(\"body\").should('not.contain', _error.ERROR_HEADER_TEXT);",
              "err": {
                "message": "AssertionError: Timed out retrying after 4000ms: expected '<body>' not to contain 'ERROR: error in components'",
                "estack": "AssertionError: Timed out retrying after 4000ms: expected '<body>' not to contain 'ERROR: error in components'\n    at Context.eval (https://jmarroyave-compsci.github.io/__cypress/tests?p=src\\tests\\cypress\\integration\\app.spec.js:47068:22)",
                "diff": null
              },
              "uuid": "ff584d09-84bf-4f75-8c2f-02ddc02e4801",
              "parentUUID": "6aaf7b01-af8d-48b5-a0b5-bf6d9871e30e",
              "isHook": false,
              "skipped": false
            },
            {
              "title": "should navigate to the '/movies/stories/awards' page",
              "fullTitle": "Check for render should navigate to the '/movies/stories/awards' page",
              "timedOut": null,
              "duration": 2258,
              "state": "passed",
              "speed": "slow",
              "pass": true,
              "fail": false,
              "pending": false,
              "context": null,
              "code": "cy.visit(root);\ncy.get(\"body\").should('not.contain', _error.ERROR_HEADER_TEXT);",
              "err": {},
              "uuid": "fe9f5953-621a-44fe-8904-30572e312f02",
              "parentUUID": "6aaf7b01-af8d-48b5-a0b5-bf6d9871e30e",
              "isHook": false,
              "skipped": false
            },
            {
              "title": "should navigate to the '/movies/stories/awards/award=mf00001&&year=2015' page",
              "fullTitle": "Check for render should navigate to the '/movies/stories/awards/award=mf00001&&year=2015' page",
              "timedOut": null,
              "duration": 2896,
              "state": "passed",
              "speed": "slow",
              "pass": true,
              "fail": false,
              "pending": false,
              "context": null,
              "code": "cy.visit(root);\ncy.get(\"body\").should('not.contain', _error.ERROR_HEADER_TEXT);",
              "err": {},
              "uuid": "c6966907-6383-453f-9d72-0ad6e1bf04cf",
              "parentUUID": "6aaf7b01-af8d-48b5-a0b5-bf6d9871e30e",
              "isHook": false,
              "skipped": false
            },
            {
              "title": "should navigate to the '/movies/stories/directors' page",
              "fullTitle": "Check for render should navigate to the '/movies/stories/directors' page",
              "timedOut": null,
              "duration": 2600,
              "state": "passed",
              "speed": "slow",
              "pass": true,
              "fail": false,
              "pending": false,
              "context": null,
              "code": "cy.visit(root);\ncy.get(\"body\").should('not.contain', _error.ERROR_HEADER_TEXT);",
              "err": {},
              "uuid": "e5a90fd0-cace-4122-8980-091fcc7977e2",
              "parentUUID": "6aaf7b01-af8d-48b5-a0b5-bf6d9871e30e",
              "isHook": false,
              "skipped": false
            },
            {
              "title": "should navigate to the '/movies/stories/remakes' page",
              "fullTitle": "Check for render should navigate to the '/movies/stories/remakes' page",
              "timedOut": null,
              "duration": 4159,
              "state": "passed",
              "speed": "slow",
              "pass": true,
              "fail": false,
              "pending": false,
              "context": null,
              "code": "cy.visit(root);\ncy.get(\"body\").should('not.contain', _error.ERROR_HEADER_TEXT);",
              "err": {},
              "uuid": "0fb94326-f974-4b46-bdf0-f1ceeffc94be",
              "parentUUID": "6aaf7b01-af8d-48b5-a0b5-bf6d9871e30e",
              "isHook": false,
              "skipped": false
            },
            {
              "title": "should navigate to the '/movies/stories/writers' page",
              "fullTitle": "Check for render should navigate to the '/movies/stories/writers' page",
              "timedOut": null,
              "duration": 2766,
              "state": "passed",
              "speed": "slow",
              "pass": true,
              "fail": false,
              "pending": false,
              "context": null,
              "code": "cy.visit(root);\ncy.get(\"body\").should('not.contain', _error.ERROR_HEADER_TEXT);",
              "err": {},
              "uuid": "829a9f07-d139-4b2b-93d0-ca1b7eabeda8",
              "parentUUID": "6aaf7b01-af8d-48b5-a0b5-bf6d9871e30e",
              "isHook": false,
              "skipped": false
            },
            {
              "title": "should navigate to the '/tv-shows' page",
              "fullTitle": "Check for render should navigate to the '/tv-shows' page",
              "timedOut": null,
              "duration": 3585,
              "state": "passed",
              "speed": "slow",
              "pass": true,
              "fail": false,
              "pending": false,
              "context": null,
              "code": "cy.visit(root);\ncy.get(\"body\").should('not.contain', _error.ERROR_HEADER_TEXT);",
              "err": {},
              "uuid": "3ac3463b-0a25-4b24-a3a6-70557f9f0d92",
              "parentUUID": "6aaf7b01-af8d-48b5-a0b5-bf6d9871e30e",
              "isHook": false,
              "skipped": false
            },
            {
              "title": "should navigate to the '/tv-shows/tt0454876' page",
              "fullTitle": "Check for render should navigate to the '/tv-shows/tt0454876' page",
              "timedOut": null,
              "duration": 2480,
              "state": "passed",
              "speed": "slow",
              "pass": true,
              "fail": false,
              "pending": false,
              "context": null,
              "code": "cy.visit(root);\ncy.get(\"body\").should('not.contain', _error.ERROR_HEADER_TEXT);",
              "err": {},
              "uuid": "8f026a36-24d0-42f7-861f-6d1db670bb9e",
              "parentUUID": "6aaf7b01-af8d-48b5-a0b5-bf6d9871e30e",
              "isHook": false,
              "skipped": false
            },
            {
              "title": "should navigate to the '/tv-shows/stories' page",
              "fullTitle": "Check for render should navigate to the '/tv-shows/stories' page",
              "timedOut": null,
              "duration": 2174,
              "state": "passed",
              "speed": "slow",
              "pass": true,
              "fail": false,
              "pending": false,
              "context": null,
              "code": "cy.visit(root);\ncy.get(\"body\").should('not.contain', _error.ERROR_HEADER_TEXT);",
              "err": {},
              "uuid": "cd2a8ec8-5316-4c02-9c3d-340c5d0be1f3",
              "parentUUID": "6aaf7b01-af8d-48b5-a0b5-bf6d9871e30e",
              "isHook": false,
              "skipped": false
            },
            {
              "title": "should navigate to the '/tv-shows/stories/actors' page",
              "fullTitle": "Check for render should navigate to the '/tv-shows/stories/actors' page",
              "timedOut": null,
              "duration": 2684,
              "state": "passed",
              "speed": "slow",
              "pass": true,
              "fail": false,
              "pending": false,
              "context": null,
              "code": "cy.visit(root);\ncy.get(\"body\").should('not.contain', _error.ERROR_HEADER_TEXT);",
              "err": {},
              "uuid": "4c320198-f840-4b7a-8609-b316246ccd8e",
              "parentUUID": "6aaf7b01-af8d-48b5-a0b5-bf6d9871e30e",
              "isHook": false,
              "skipped": false
            },
            {
              "title": "should navigate to the '/tv-shows/stories/directors' page",
              "fullTitle": "Check for render should navigate to the '/tv-shows/stories/directors' page",
              "timedOut": null,
              "duration": 3045,
              "state": "passed",
              "speed": "slow",
              "pass": true,
              "fail": false,
              "pending": false,
              "context": null,
              "code": "cy.visit(root);\ncy.get(\"body\").should('not.contain', _error.ERROR_HEADER_TEXT);",
              "err": {},
              "uuid": "0c77165e-1f23-4c19-9ba6-41f13763082e",
              "parentUUID": "6aaf7b01-af8d-48b5-a0b5-bf6d9871e30e",
              "isHook": false,
              "skipped": false
            },
            {
              "title": "should navigate to the '/tv-shows/stories/remakes' page",
              "fullTitle": "Check for render should navigate to the '/tv-shows/stories/remakes' page",
              "timedOut": null,
              "duration": 2576,
              "state": "passed",
              "speed": "slow",
              "pass": true,
              "fail": false,
              "pending": false,
              "context": null,
              "code": "cy.visit(root);\ncy.get(\"body\").should('not.contain', _error.ERROR_HEADER_TEXT);",
              "err": {},
              "uuid": "06ca0ade-4686-4b34-bf59-6adf77b9e092",
              "parentUUID": "6aaf7b01-af8d-48b5-a0b5-bf6d9871e30e",
              "isHook": false,
              "skipped": false
            },
            {
              "title": "should navigate to the '/tv-shows/stories/writers' page",
              "fullTitle": "Check for render should navigate to the '/tv-shows/stories/writers' page",
              "timedOut": null,
              "duration": 2820,
              "state": "passed",
              "speed": "slow",
              "pass": true,
              "fail": false,
              "pending": false,
              "context": null,
              "code": "cy.visit(root);\ncy.get(\"body\").should('not.contain', _error.ERROR_HEADER_TEXT);",
              "err": {},
              "uuid": "70b73cb8-9846-43b7-82fa-505abdc7a858",
              "parentUUID": "6aaf7b01-af8d-48b5-a0b5-bf6d9871e30e",
              "isHook": false,
              "skipped": false
            },
            {
              "title": "should navigate to the '/video-games' page",
              "fullTitle": "Check for render should navigate to the '/video-games' page",
              "timedOut": null,
              "duration": 3852,
              "state": "passed",
              "speed": "slow",
              "pass": true,
              "fail": false,
              "pending": false,
              "context": null,
              "code": "cy.visit(root);\ncy.get(\"body\").should('not.contain', _error.ERROR_HEADER_TEXT);",
              "err": {},
              "uuid": "75630d0b-2656-4d95-ac5d-f8b0cd2b8dd1",
              "parentUUID": "6aaf7b01-af8d-48b5-a0b5-bf6d9871e30e",
              "isHook": false,
              "skipped": false
            },
            {
              "title": "should navigate to the '/video-games/stories' page",
              "fullTitle": "Check for render should navigate to the '/video-games/stories' page",
              "timedOut": null,
              "duration": 2188,
              "state": "passed",
              "speed": "slow",
              "pass": true,
              "fail": false,
              "pending": false,
              "context": null,
              "code": "cy.visit(root);\ncy.get(\"body\").should('not.contain', _error.ERROR_HEADER_TEXT);",
              "err": {},
              "uuid": "d96fc9bd-1020-4355-8c81-d8dc5ec0f8fe",
              "parentUUID": "6aaf7b01-af8d-48b5-a0b5-bf6d9871e30e",
              "isHook": false,
              "skipped": false
            },
            {
              "title": "should navigate to the '/video-games/tt0022215' page",
              "fullTitle": "Check for render should navigate to the '/video-games/tt0022215' page",
              "timedOut": null,
              "duration": 2981,
              "state": "passed",
              "speed": "slow",
              "pass": true,
              "fail": false,
              "pending": false,
              "context": null,
              "code": "cy.visit(root);\ncy.get(\"body\").should('not.contain', _error.ERROR_HEADER_TEXT);",
              "err": {},
              "uuid": "7ecb9be5-244e-42dd-9c41-1e389915bc9c",
              "parentUUID": "6aaf7b01-af8d-48b5-a0b5-bf6d9871e30e",
              "isHook": false,
              "skipped": false
            },
            {
              "title": "should navigate to the '/podcasts' page",
              "fullTitle": "Check for render should navigate to the '/podcasts' page",
              "timedOut": null,
              "duration": 3233,
              "state": "passed",
              "speed": "slow",
              "pass": true,
              "fail": false,
              "pending": false,
              "context": null,
              "code": "cy.visit(root);\ncy.get(\"body\").should('not.contain', _error.ERROR_HEADER_TEXT);",
              "err": {},
              "uuid": "c6334e80-7e68-4b21-9163-7f678b372449",
              "parentUUID": "6aaf7b01-af8d-48b5-a0b5-bf6d9871e30e",
              "isHook": false,
              "skipped": false
            },
            {
              "title": "should navigate to the '/podcasts/stories' page",
              "fullTitle": "Check for render should navigate to the '/podcasts/stories' page",
              "timedOut": null,
              "duration": 1842,
              "state": "passed",
              "speed": "slow",
              "pass": true,
              "fail": false,
              "pending": false,
              "context": null,
              "code": "cy.visit(root);\ncy.get(\"body\").should('not.contain', _error.ERROR_HEADER_TEXT);",
              "err": {},
              "uuid": "4233b27b-190f-48f9-a32d-8e8bc9027aa4",
              "parentUUID": "6aaf7b01-af8d-48b5-a0b5-bf6d9871e30e",
              "isHook": false,
              "skipped": false
            },
            {
              "title": "should navigate to the '/podcasts/0002da5f-49a2-31ba-b44c-cdeabdf113cb' page",
              "fullTitle": "Check for render should navigate to the '/podcasts/0002da5f-49a2-31ba-b44c-cdeabdf113cb' page",
              "timedOut": null,
              "duration": 2798,
              "state": "passed",
              "speed": "slow",
              "pass": true,
              "fail": false,
              "pending": false,
              "context": null,
              "code": "cy.visit(root);\ncy.get(\"body\").should('not.contain', _error.ERROR_HEADER_TEXT);",
              "err": {},
              "uuid": "0decaa13-4846-4d6e-9d40-006e2ae9a328",
              "parentUUID": "6aaf7b01-af8d-48b5-a0b5-bf6d9871e30e",
              "isHook": false,
              "skipped": false
            },
            {
              "title": "should navigate to the '/people' page",
              "fullTitle": "Check for render should navigate to the '/people' page",
              "timedOut": null,
              "duration": 2897,
              "state": "passed",
              "speed": "slow",
              "pass": true,
              "fail": false,
              "pending": false,
              "context": null,
              "code": "cy.visit(root);\ncy.get(\"body\").should('not.contain', _error.ERROR_HEADER_TEXT);",
              "err": {},
              "uuid": "31b8913e-298f-4a96-a57c-f06823973a72",
              "parentUUID": "6aaf7b01-af8d-48b5-a0b5-bf6d9871e30e",
              "isHook": false,
              "skipped": false
            },
            {
              "title": "should navigate to the '/people/stories' page",
              "fullTitle": "Check for render should navigate to the '/people/stories' page",
              "timedOut": null,
              "duration": 2119,
              "state": "passed",
              "speed": "slow",
              "pass": true,
              "fail": false,
              "pending": false,
              "context": null,
              "code": "cy.visit(root);\ncy.get(\"body\").should('not.contain', _error.ERROR_HEADER_TEXT);",
              "err": {},
              "uuid": "6c05169d-8255-4ae6-bbbd-4621337b6314",
              "parentUUID": "6aaf7b01-af8d-48b5-a0b5-bf6d9871e30e",
              "isHook": false,
              "skipped": false
            },
            {
              "title": "should navigate to the '/people/nm0000158' page",
              "fullTitle": "Check for render should navigate to the '/people/nm0000158' page",
              "timedOut": null,
              "duration": 2898,
              "state": "passed",
              "speed": "slow",
              "pass": true,
              "fail": false,
              "pending": false,
              "context": null,
              "code": "cy.visit(root);\ncy.get(\"body\").should('not.contain', _error.ERROR_HEADER_TEXT);",
              "err": {},
              "uuid": "4b41ad5a-c86d-4c3f-86c6-726786b0ecdb",
              "parentUUID": "6aaf7b01-af8d-48b5-a0b5-bf6d9871e30e",
              "isHook": false,
              "skipped": false
            },
            {
              "title": "should navigate to the '/search' page",
              "fullTitle": "Check for render should navigate to the '/search' page",
              "timedOut": null,
              "duration": 2964,
              "state": "passed",
              "speed": "slow",
              "pass": true,
              "fail": false,
              "pending": false,
              "context": null,
              "code": "cy.visit(root);\ncy.get(\"body\").should('not.contain', _error.ERROR_HEADER_TEXT);",
              "err": {},
              "uuid": "1faf6072-a504-4b6c-9ef8-f5df068985c8",
              "parentUUID": "6aaf7b01-af8d-48b5-a0b5-bf6d9871e30e",
              "isHook": false,
              "skipped": false
            },
            {
              "title": "should navigate to the '/about' page",
              "fullTitle": "Check for render should navigate to the '/about' page",
              "timedOut": null,
              "duration": 2001,
              "state": "passed",
              "speed": "slow",
              "pass": true,
              "fail": false,
              "pending": false,
              "context": null,
              "code": "cy.visit(root);\ncy.get(\"body\").should('not.contain', _error.ERROR_HEADER_TEXT);",
              "err": {},
              "uuid": "388ad672-d6d5-47d0-87d3-217ae8811a9b",
              "parentUUID": "6aaf7b01-af8d-48b5-a0b5-bf6d9871e30e",
              "isHook": false,
              "skipped": false
            },
            {
              "title": "should navigate to the '/about/data' page",
              "fullTitle": "Check for render should navigate to the '/about/data' page",
              "timedOut": null,
              "duration": 1707,
              "state": "passed",
              "speed": "slow",
              "pass": true,
              "fail": false,
              "pending": false,
              "context": null,
              "code": "cy.visit(root);\ncy.get(\"body\").should('not.contain', _error.ERROR_HEADER_TEXT);",
              "err": {},
              "uuid": "64d49da2-af90-42d6-8c3b-795ab5d3b380",
              "parentUUID": "6aaf7b01-af8d-48b5-a0b5-bf6d9871e30e",
              "isHook": false,
              "skipped": false
            },
            {
              "title": "should navigate to the '/about/project' page",
              "fullTitle": "Check for render should navigate to the '/about/project' page",
              "timedOut": null,
              "duration": 2707,
              "state": "passed",
              "speed": "slow",
              "pass": true,
              "fail": false,
              "pending": false,
              "context": null,
              "code": "cy.visit(root);\ncy.get(\"body\").should('not.contain', _error.ERROR_HEADER_TEXT);",
              "err": {},
              "uuid": "5dd2b592-b11a-45b5-ba6a-c687d3d1de62",
              "parentUUID": "6aaf7b01-af8d-48b5-a0b5-bf6d9871e30e",
              "isHook": false,
              "skipped": false
            },
            {
              "title": "should navigate to the '/about/project/log' page",
              "fullTitle": "Check for render should navigate to the '/about/project/log' page",
              "timedOut": null,
              "duration": 2904,
              "state": "passed",
              "speed": "slow",
              "pass": true,
              "fail": false,
              "pending": false,
              "context": null,
              "code": "cy.visit(root);\ncy.get(\"body\").should('not.contain', _error.ERROR_HEADER_TEXT);",
              "err": {},
              "uuid": "08a6ade5-2458-4b36-993c-8f692d1b023d",
              "parentUUID": "6aaf7b01-af8d-48b5-a0b5-bf6d9871e30e",
              "isHook": false,
              "skipped": false
            },
            {
              "title": "should navigate to the '/about/project/log/posts/7-7-v-1-1' page",
              "fullTitle": "Check for render should navigate to the '/about/project/log/posts/7-7-v-1-1' page",
              "timedOut": null,
              "duration": 3619,
              "state": "passed",
              "speed": "slow",
              "pass": true,
              "fail": false,
              "pending": false,
              "context": null,
              "code": "cy.visit(root);\ncy.get(\"body\").should('not.contain', _error.ERROR_HEADER_TEXT);",
              "err": {},
              "uuid": "64a97efa-8c8e-4dea-b1bf-0ef6ccfa8133",
              "parentUUID": "6aaf7b01-af8d-48b5-a0b5-bf6d9871e30e",
              "isHook": false,
              "skipped": false
            },
            {
              "title": "should navigate to the '/about/project/roadmap' page",
              "fullTitle": "Check for render should navigate to the '/about/project/roadmap' page",
              "timedOut": null,
              "duration": 2283,
              "state": "passed",
              "speed": "slow",
              "pass": true,
              "fail": false,
              "pending": false,
              "context": null,
              "code": "cy.visit(root);\ncy.get(\"body\").should('not.contain', _error.ERROR_HEADER_TEXT);",
              "err": {},
              "uuid": "ad7ffdb8-8d57-4d1c-8248-c2817eebb6d0",
              "parentUUID": "6aaf7b01-af8d-48b5-a0b5-bf6d9871e30e",
              "isHook": false,
              "skipped": false
            },
            {
              "title": "should navigate to the '/about/project/sitemap' page",
              "fullTitle": "Check for render should navigate to the '/about/project/sitemap' page",
              "timedOut": null,
              "duration": 2213,
              "state": "passed",
              "speed": "slow",
              "pass": true,
              "fail": false,
              "pending": false,
              "context": null,
              "code": "cy.visit(root);\ncy.get(\"body\").should('not.contain', _error.ERROR_HEADER_TEXT);",
              "err": {},
              "uuid": "65ced7cc-a299-44ce-aa89-5e99888bc348",
              "parentUUID": "6aaf7b01-af8d-48b5-a0b5-bf6d9871e30e",
              "isHook": false,
              "skipped": false
            },
            {
              "title": "should navigate to the '/about/tech' page",
              "fullTitle": "Check for render should navigate to the '/about/tech' page",
              "timedOut": null,
              "duration": 2169,
              "state": "passed",
              "speed": "slow",
              "pass": true,
              "fail": false,
              "pending": false,
              "context": null,
              "code": "cy.visit(root);\ncy.get(\"body\").should('not.contain', _error.ERROR_HEADER_TEXT);",
              "err": {},
              "uuid": "451e4a20-4de4-43ae-8953-bdc2271a309f",
              "parentUUID": "6aaf7b01-af8d-48b5-a0b5-bf6d9871e30e",
              "isHook": false,
              "skipped": false
            },
            {
              "title": "should navigate to the '/about/timeline' page",
              "fullTitle": "Check for render should navigate to the '/about/timeline' page",
              "timedOut": null,
              "duration": 9596,
              "state": "passed",
              "speed": "slow",
              "pass": true,
              "fail": false,
              "pending": false,
              "context": null,
              "code": "cy.visit(root);\ncy.get(\"body\").should('not.contain', _error.ERROR_HEADER_TEXT);",
              "err": {},
              "uuid": "846dd12d-2081-4c89-a145-561003914bb9",
              "parentUUID": "6aaf7b01-af8d-48b5-a0b5-bf6d9871e30e",
              "isHook": false,
              "skipped": false
            }
          ],
          "suites": [],
          "passes": [
            "79c87580-76dc-470b-b553-cf7c72661e91",
            "bfe8d4a3-f147-47cc-bab5-30384087c313",
            "647cb51e-a896-4790-bd67-c9fa7b8f798d",
            "17b3ad71-5fcd-45df-9c8c-4214df8c5fba",
            "f5f44fcc-2365-447a-b385-0a269782f8e8",
            "20f53a9c-dd38-471f-8445-ad474fc51abf",
            "a44f03c9-b715-4752-816e-1c8528c23fc6",
            "fe9f5953-621a-44fe-8904-30572e312f02",
            "c6966907-6383-453f-9d72-0ad6e1bf04cf",
            "e5a90fd0-cace-4122-8980-091fcc7977e2",
            "0fb94326-f974-4b46-bdf0-f1ceeffc94be",
            "829a9f07-d139-4b2b-93d0-ca1b7eabeda8",
            "3ac3463b-0a25-4b24-a3a6-70557f9f0d92",
            "8f026a36-24d0-42f7-861f-6d1db670bb9e",
            "cd2a8ec8-5316-4c02-9c3d-340c5d0be1f3",
            "4c320198-f840-4b7a-8609-b316246ccd8e",
            "0c77165e-1f23-4c19-9ba6-41f13763082e",
            "06ca0ade-4686-4b34-bf59-6adf77b9e092",
            "70b73cb8-9846-43b7-82fa-505abdc7a858",
            "75630d0b-2656-4d95-ac5d-f8b0cd2b8dd1",
            "d96fc9bd-1020-4355-8c81-d8dc5ec0f8fe",
            "7ecb9be5-244e-42dd-9c41-1e389915bc9c",
            "c6334e80-7e68-4b21-9163-7f678b372449",
            "4233b27b-190f-48f9-a32d-8e8bc9027aa4",
            "0decaa13-4846-4d6e-9d40-006e2ae9a328",
            "31b8913e-298f-4a96-a57c-f06823973a72",
            "6c05169d-8255-4ae6-bbbd-4621337b6314",
            "4b41ad5a-c86d-4c3f-86c6-726786b0ecdb",
            "1faf6072-a504-4b6c-9ef8-f5df068985c8",
            "388ad672-d6d5-47d0-87d3-217ae8811a9b",
            "64d49da2-af90-42d6-8c3b-795ab5d3b380",
            "5dd2b592-b11a-45b5-ba6a-c687d3d1de62",
            "08a6ade5-2458-4b36-993c-8f692d1b023d",
            "64a97efa-8c8e-4dea-b1bf-0ef6ccfa8133",
            "ad7ffdb8-8d57-4d1c-8248-c2817eebb6d0",
            "65ced7cc-a299-44ce-aa89-5e99888bc348",
            "451e4a20-4de4-43ae-8953-bdc2271a309f",
            "846dd12d-2081-4c89-a145-561003914bb9"
          ],
          "failures": [
            "ff584d09-84bf-4f75-8c2f-02ddc02e4801"
          ],
          "pending": [],
          "skipped": [],
          "duration": 131035,
          "root": false,
          "rootEmpty": false,
          "_timeout": 2000
        }
      ],
      "passes": [],
      "failures": [],
      "pending": [],
      "skipped": [],
      "duration": 0,
      "root": true,
      "rootEmpty": true,
      "_timeout": 2000
    }
  ],
  "meta": {
    "mocha": {
      "version": "7.0.1"
    },
    "mochawesome": {
      "options": {
        "quiet": false,
        "reportFilename": "mochawesome",
        "saveHtml": false,
        "saveJson": true,
        "consoleReporter": "spec",
        "useInlineDiffs": false,
        "code": true
      },
      "version": "7.0.1"
    },
    "marge": {
      "options": {
        "charts": true,
        "overwrite": false,
        "html": false,
        "json": true,
        "reportDir": "src/tests/cypress/reports"
      },
      "version": "6.0.1"
    }
  }
}