{
  "stats": {
    "suites": 1,
    "tests": 39,
    "passes": 36,
    "pending": 0,
    "failures": 3,
    "start": "2021-12-04T19:50:00.297Z",
    "end": "2021-12-04T19:57:51.613Z",
    "duration": 471316,
    "testsRegistered": 39,
    "passPercent": 92.3076923076923,
    "pendingPercent": 0,
    "other": 0,
    "hasOther": false,
    "skipped": 0,
    "hasSkipped": false
  },
  "results": [
    {
      "uuid": "a35a0720-75d3-42ce-bff1-7b232cebd39f",
      "title": "",
      "fullFile": "src/tests/cypress/integration/app.spec.js",
      "file": "src/tests/cypress/integration/app.spec.js",
      "beforeHooks": [],
      "afterHooks": [],
      "tests": [],
      "suites": [
        {
          "uuid": "c665c814-4502-4030-b593-86b38319003a",
          "title": "Check for render",
          "fullFile": "",
          "file": "",
          "beforeHooks": [],
          "afterHooks": [],
          "tests": [
            {
              "title": "should navigate to the '/' page",
              "fullTitle": "Check for render should navigate to the '/' page",
              "timedOut": null,
              "duration": 49235,
              "state": "passed",
              "speed": "slow",
              "pass": true,
              "fail": false,
              "pending": false,
              "context": null,
              "code": "cy.visit(root);\ncy.get(\"body\").should('not.contain', _error.ERROR_HEADER_TEXT);",
              "err": {},
              "uuid": "35a34d42-14e9-41ff-b247-f5a8424b077e",
              "parentUUID": "c665c814-4502-4030-b593-86b38319003a",
              "isHook": false,
              "skipped": false
            },
            {
              "title": "should navigate to the '/stories' page",
              "fullTitle": "Check for render should navigate to the '/stories' page",
              "timedOut": null,
              "duration": 10973,
              "state": "passed",
              "speed": "slow",
              "pass": true,
              "fail": false,
              "pending": false,
              "context": null,
              "code": "cy.visit(root);\ncy.get(\"body\").should('not.contain', _error.ERROR_HEADER_TEXT);",
              "err": {},
              "uuid": "9b4c65a0-57dd-45d7-81d7-76f189a32baa",
              "parentUUID": "c665c814-4502-4030-b593-86b38319003a",
              "isHook": false,
              "skipped": false
            },
            {
              "title": "should navigate to the '/movies' page",
              "fullTitle": "Check for render should navigate to the '/movies' page",
              "timedOut": null,
              "duration": 7721,
              "state": "passed",
              "speed": "slow",
              "pass": true,
              "fail": false,
              "pending": false,
              "context": null,
              "code": "cy.visit(root);\ncy.get(\"body\").should('not.contain', _error.ERROR_HEADER_TEXT);",
              "err": {},
              "uuid": "50e9d94c-3d05-4499-ae76-d6f7a6eb37c6",
              "parentUUID": "c665c814-4502-4030-b593-86b38319003a",
              "isHook": false,
              "skipped": false
            },
            {
              "title": "should navigate to the '/movies/tt0454876' page",
              "fullTitle": "Check for render should navigate to the '/movies/tt0454876' page",
              "timedOut": null,
              "duration": 7445,
              "state": "passed",
              "speed": "slow",
              "pass": true,
              "fail": false,
              "pending": false,
              "context": null,
              "code": "cy.visit(root);\ncy.get(\"body\").should('not.contain', _error.ERROR_HEADER_TEXT);",
              "err": {},
              "uuid": "4aea9495-bb6f-4871-ab9a-2c90719abc8c",
              "parentUUID": "c665c814-4502-4030-b593-86b38319003a",
              "isHook": false,
              "skipped": false
            },
            {
              "title": "should navigate to the '/movies/festivals' page",
              "fullTitle": "Check for render should navigate to the '/movies/festivals' page",
              "timedOut": null,
              "duration": 4015,
              "state": "passed",
              "speed": "slow",
              "pass": true,
              "fail": false,
              "pending": false,
              "context": null,
              "code": "cy.visit(root);\ncy.get(\"body\").should('not.contain', _error.ERROR_HEADER_TEXT);",
              "err": {},
              "uuid": "a80340b8-f11b-4aa0-913e-1b9032eca29e",
              "parentUUID": "c665c814-4502-4030-b593-86b38319003a",
              "isHook": false,
              "skipped": false
            },
            {
              "title": "should navigate to the '/movies/festivals/mf00001' page",
              "fullTitle": "Check for render should navigate to the '/movies/festivals/mf00001' page",
              "timedOut": null,
              "duration": 3942,
              "state": "passed",
              "speed": "slow",
              "pass": true,
              "fail": false,
              "pending": false,
              "context": null,
              "code": "cy.visit(root);\ncy.get(\"body\").should('not.contain', _error.ERROR_HEADER_TEXT);",
              "err": {},
              "uuid": "634a8a4a-b289-4e51-97d2-365cf06cba90",
              "parentUUID": "c665c814-4502-4030-b593-86b38319003a",
              "isHook": false,
              "skipped": false
            },
            {
              "title": "should navigate to the '/movies/stories' page",
              "fullTitle": "Check for render should navigate to the '/movies/stories' page",
              "timedOut": null,
              "duration": 8323,
              "state": "passed",
              "speed": "slow",
              "pass": true,
              "fail": false,
              "pending": false,
              "context": null,
              "code": "cy.visit(root);\ncy.get(\"body\").should('not.contain', _error.ERROR_HEADER_TEXT);",
              "err": {},
              "uuid": "3a240187-47f2-4082-a4f5-21e4daf7671f",
              "parentUUID": "c665c814-4502-4030-b593-86b38319003a",
              "isHook": false,
              "skipped": false
            },
            {
              "title": "should navigate to the '/movies/stories/actors' page",
              "fullTitle": "Check for render should navigate to the '/movies/stories/actors' page",
              "timedOut": null,
              "duration": 3870,
              "state": "passed",
              "speed": "slow",
              "pass": true,
              "fail": false,
              "pending": false,
              "context": null,
              "code": "cy.visit(root);\ncy.get(\"body\").should('not.contain', _error.ERROR_HEADER_TEXT);",
              "err": {},
              "uuid": "2af1fbdd-43f5-4a70-942f-cf8d66d301cc",
              "parentUUID": "c665c814-4502-4030-b593-86b38319003a",
              "isHook": false,
              "skipped": false
            },
            {
              "title": "should navigate to the '/movies/stories/awards' page",
              "fullTitle": "Check for render should navigate to the '/movies/stories/awards' page",
              "timedOut": null,
              "duration": 5298,
              "state": "passed",
              "speed": "slow",
              "pass": true,
              "fail": false,
              "pending": false,
              "context": null,
              "code": "cy.visit(root);\ncy.get(\"body\").should('not.contain', _error.ERROR_HEADER_TEXT);",
              "err": {},
              "uuid": "8c1889f8-5534-456f-9d74-d2fe761bb06f",
              "parentUUID": "c665c814-4502-4030-b593-86b38319003a",
              "isHook": false,
              "skipped": false
            },
            {
              "title": "should navigate to the '/movies/stories/awards/award=mf00001&&year=2015' page",
              "fullTitle": "Check for render should navigate to the '/movies/stories/awards/award=mf00001&&year=2015' page",
              "timedOut": null,
              "duration": 12143,
              "state": "passed",
              "speed": "slow",
              "pass": true,
              "fail": false,
              "pending": false,
              "context": null,
              "code": "cy.visit(root);\ncy.get(\"body\").should('not.contain', _error.ERROR_HEADER_TEXT);",
              "err": {},
              "uuid": "f9d871b5-48a2-423f-b5e3-3636e6e44df4",
              "parentUUID": "c665c814-4502-4030-b593-86b38319003a",
              "isHook": false,
              "skipped": false
            },
            {
              "title": "should navigate to the '/movies/stories/directors' page",
              "fullTitle": "Check for render should navigate to the '/movies/stories/directors' page",
              "timedOut": null,
              "duration": 3946,
              "state": "passed",
              "speed": "slow",
              "pass": true,
              "fail": false,
              "pending": false,
              "context": null,
              "code": "cy.visit(root);\ncy.get(\"body\").should('not.contain', _error.ERROR_HEADER_TEXT);",
              "err": {},
              "uuid": "2b881996-ce71-43ea-bbdc-9d955e922f1c",
              "parentUUID": "c665c814-4502-4030-b593-86b38319003a",
              "isHook": false,
              "skipped": false
            },
            {
              "title": "should navigate to the '/movies/stories/remakes' page",
              "fullTitle": "Check for render should navigate to the '/movies/stories/remakes' page",
              "timedOut": null,
              "duration": 9068,
              "state": "passed",
              "speed": "slow",
              "pass": true,
              "fail": false,
              "pending": false,
              "context": null,
              "code": "cy.visit(root);\ncy.get(\"body\").should('not.contain', _error.ERROR_HEADER_TEXT);",
              "err": {},
              "uuid": "a9382e41-b668-4f4f-94b4-31202025e9b2",
              "parentUUID": "c665c814-4502-4030-b593-86b38319003a",
              "isHook": false,
              "skipped": false
            },
            {
              "title": "should navigate to the '/movies/stories/writers' page",
              "fullTitle": "Check for render should navigate to the '/movies/stories/writers' page",
              "timedOut": null,
              "duration": 3734,
              "state": "passed",
              "speed": "slow",
              "pass": true,
              "fail": false,
              "pending": false,
              "context": null,
              "code": "cy.visit(root);\ncy.get(\"body\").should('not.contain', _error.ERROR_HEADER_TEXT);",
              "err": {},
              "uuid": "e7833b15-4cd7-46c9-ad15-1f57e87a1628",
              "parentUUID": "c665c814-4502-4030-b593-86b38319003a",
              "isHook": false,
              "skipped": false
            },
            {
              "title": "should navigate to the '/tv-shows' page",
              "fullTitle": "Check for render should navigate to the '/tv-shows' page",
              "timedOut": null,
              "duration": 4448,
              "state": "passed",
              "speed": "slow",
              "pass": true,
              "fail": false,
              "pending": false,
              "context": null,
              "code": "cy.visit(root);\ncy.get(\"body\").should('not.contain', _error.ERROR_HEADER_TEXT);",
              "err": {},
              "uuid": "f2d80dba-b4ca-49db-bba9-5bcc42e538da",
              "parentUUID": "c665c814-4502-4030-b593-86b38319003a",
              "isHook": false,
              "skipped": false
            },
            {
              "title": "should navigate to the '/tv-shows/tt0454876' page",
              "fullTitle": "Check for render should navigate to the '/tv-shows/tt0454876' page",
              "timedOut": null,
              "duration": 77595,
              "state": "failed",
              "speed": null,
              "pass": false,
              "fail": true,
              "pending": false,
              "context": null,
              "code": "cy.visit(root);\ncy.get(\"body\").should('not.contain', _error.ERROR_HEADER_TEXT);",
              "err": {
                "message": "CypressError: Timed out after waiting `60000ms` for your remote page to load.\n\nYour page did not fire its `load` event within `60000ms`.\n\nYou can try increasing the `pageLoadTimeout` value in `cypress.json` to wait longer.\n\nBrowsers will not fire the `load` event until all stylesheets and scripts are done downloading.\n\nWhen this `load` event occurs, Cypress will continue running commands.",
                "estack": "CypressError: Timed out after waiting `60000ms` for your remote page to load.\n\nYour page did not fire its `load` event within `60000ms`.\n\nYou can try increasing the `pageLoadTimeout` value in `cypress.json` to wait longer.\n\nBrowsers will not fire the `load` event until all stylesheets and scripts are done downloading.\n\nWhen this `load` event occurs, Cypress will continue running commands.\n    at timedOutWaitingForPageLoad (https://jmarroyave-compsci.github.io/__cypress/runner/cypress_runner.js:155054:72)\n    at https://jmarroyave-compsci.github.io/__cypress/runner/cypress_runner.js:156091:16\n    at tryCatcher (https://jmarroyave-compsci.github.io/__cypress/runner/cypress_runner.js:13212:23)\n    at https://jmarroyave-compsci.github.io/__cypress/runner/cypress_runner.js:8334:41\n    at tryCatcher (https://jmarroyave-compsci.github.io/__cypress/runner/cypress_runner.js:13212:23)\n    at Promise._settlePromiseFromHandler (https://jmarroyave-compsci.github.io/__cypress/runner/cypress_runner.js:11147:31)\n    at Promise._settlePromise (https://jmarroyave-compsci.github.io/__cypress/runner/cypress_runner.js:11204:18)\n    at Promise._settlePromise0 (https://jmarroyave-compsci.github.io/__cypress/runner/cypress_runner.js:11249:10)\n    at Promise._settlePromises (https://jmarroyave-compsci.github.io/__cypress/runner/cypress_runner.js:11325:18)\n    at _drainQueueStep (https://jmarroyave-compsci.github.io/__cypress/runner/cypress_runner.js:7919:12)\n    at _drainQueue (https://jmarroyave-compsci.github.io/__cypress/runner/cypress_runner.js:7912:9)\n    at Async.../../node_modules/bluebird/js/release/async.js.Async._drainQueues (https://jmarroyave-compsci.github.io/__cypress/runner/cypress_runner.js:7928:5)\n    at Async.drainQueues (https://jmarroyave-compsci.github.io/__cypress/runner/cypress_runner.js:7798:14)\nFrom Your Spec Code:\n    at Context.eval (https://jmarroyave-compsci.github.io/__cypress/tests?p=src\\tests\\cypress\\integration\\app.spec.js:47067:10)",
                "diff": null
              },
              "uuid": "9bb9a2af-a3c6-41de-a5a8-47bcb7db915f",
              "parentUUID": "c665c814-4502-4030-b593-86b38319003a",
              "isHook": false,
              "skipped": false
            },
            {
              "title": "should navigate to the '/tv-shows/stories' page",
              "fullTitle": "Check for render should navigate to the '/tv-shows/stories' page",
              "timedOut": null,
              "duration": 90545,
              "state": "failed",
              "speed": null,
              "pass": false,
              "fail": true,
              "pending": false,
              "context": null,
              "code": "cy.visit(root);\ncy.get(\"body\").should('not.contain', _error.ERROR_HEADER_TEXT);",
              "err": {
                "message": "CypressError: `cy.screenshot()` timed out waiting `30000ms` to complete.",
                "estack": "CypressError: `cy.screenshot()` timed out waiting `30000ms` to complete.\n    at https://jmarroyave-compsci.github.io/__cypress/runner/cypress_runner.js:157446:81\n    at tryCatcher (https://jmarroyave-compsci.github.io/__cypress/runner/cypress_runner.js:13212:23)\n    at https://jmarroyave-compsci.github.io/__cypress/runner/cypress_runner.js:8334:41\n    at tryCatcher (https://jmarroyave-compsci.github.io/__cypress/runner/cypress_runner.js:13212:23)\n    at Promise._settlePromiseFromHandler (https://jmarroyave-compsci.github.io/__cypress/runner/cypress_runner.js:11147:31)\n    at Promise._settlePromise (https://jmarroyave-compsci.github.io/__cypress/runner/cypress_runner.js:11204:18)\n    at Promise._settlePromise0 (https://jmarroyave-compsci.github.io/__cypress/runner/cypress_runner.js:11249:10)\n    at Promise._settlePromises (https://jmarroyave-compsci.github.io/__cypress/runner/cypress_runner.js:11325:18)\n    at _drainQueueStep (https://jmarroyave-compsci.github.io/__cypress/runner/cypress_runner.js:7919:12)\n    at _drainQueue (https://jmarroyave-compsci.github.io/__cypress/runner/cypress_runner.js:7912:9)\n    at Async.../../node_modules/bluebird/js/release/async.js.Async._drainQueues (https://jmarroyave-compsci.github.io/__cypress/runner/cypress_runner.js:7928:5)\n    at Async.drainQueues (https://jmarroyave-compsci.github.io/__cypress/runner/cypress_runner.js:7798:14)",
                "diff": null
              },
              "uuid": "e93028e9-9ee5-40f5-970c-99f6a666c173",
              "parentUUID": "c665c814-4502-4030-b593-86b38319003a",
              "isHook": false,
              "skipped": false
            },
            {
              "title": "should navigate to the '/tv-shows/stories/actors' page",
              "fullTitle": "Check for render should navigate to the '/tv-shows/stories/actors' page",
              "timedOut": null,
              "duration": 32460,
              "state": "failed",
              "speed": null,
              "pass": false,
              "fail": true,
              "pending": false,
              "context": null,
              "code": "cy.visit(root);\ncy.get(\"body\").should('not.contain', _error.ERROR_HEADER_TEXT);",
              "err": {
                "message": "AssertionError: Timed out retrying after 4000ms: expected '<body>' not to contain 'ERROR: error in components'",
                "estack": "AssertionError: Timed out retrying after 4000ms: expected '<body>' not to contain 'ERROR: error in components'\n    at Context.eval (https://jmarroyave-compsci.github.io/__cypress/tests?p=src\\tests\\cypress\\integration\\app.spec.js:47068:22)",
                "diff": null
              },
              "uuid": "9137b286-4d09-4be6-826c-168e3f84a270",
              "parentUUID": "c665c814-4502-4030-b593-86b38319003a",
              "isHook": false,
              "skipped": false
            },
            {
              "title": "should navigate to the '/tv-shows/stories/directors' page",
              "fullTitle": "Check for render should navigate to the '/tv-shows/stories/directors' page",
              "timedOut": null,
              "duration": 4841,
              "state": "passed",
              "speed": "slow",
              "pass": true,
              "fail": false,
              "pending": false,
              "context": null,
              "code": "cy.visit(root);\ncy.get(\"body\").should('not.contain', _error.ERROR_HEADER_TEXT);",
              "err": {},
              "uuid": "056c0105-61e3-4ccd-93d9-2dbb718e6832",
              "parentUUID": "c665c814-4502-4030-b593-86b38319003a",
              "isHook": false,
              "skipped": false
            },
            {
              "title": "should navigate to the '/tv-shows/stories/remakes' page",
              "fullTitle": "Check for render should navigate to the '/tv-shows/stories/remakes' page",
              "timedOut": null,
              "duration": 21478,
              "state": "passed",
              "speed": "slow",
              "pass": true,
              "fail": false,
              "pending": false,
              "context": null,
              "code": "cy.visit(root);\ncy.get(\"body\").should('not.contain', _error.ERROR_HEADER_TEXT);",
              "err": {},
              "uuid": "21d74848-88c3-4286-876c-02c24f159398",
              "parentUUID": "c665c814-4502-4030-b593-86b38319003a",
              "isHook": false,
              "skipped": false
            },
            {
              "title": "should navigate to the '/tv-shows/stories/writers' page",
              "fullTitle": "Check for render should navigate to the '/tv-shows/stories/writers' page",
              "timedOut": null,
              "duration": 5651,
              "state": "passed",
              "speed": "slow",
              "pass": true,
              "fail": false,
              "pending": false,
              "context": null,
              "code": "cy.visit(root);\ncy.get(\"body\").should('not.contain', _error.ERROR_HEADER_TEXT);",
              "err": {},
              "uuid": "4688a511-4e1a-42a6-a05b-33046bbf1f55",
              "parentUUID": "c665c814-4502-4030-b593-86b38319003a",
              "isHook": false,
              "skipped": false
            },
            {
              "title": "should navigate to the '/video-games' page",
              "fullTitle": "Check for render should navigate to the '/video-games' page",
              "timedOut": null,
              "duration": 6571,
              "state": "passed",
              "speed": "slow",
              "pass": true,
              "fail": false,
              "pending": false,
              "context": null,
              "code": "cy.visit(root);\ncy.get(\"body\").should('not.contain', _error.ERROR_HEADER_TEXT);",
              "err": {},
              "uuid": "e90a8723-9416-4170-ad41-2eb4fc8ff604",
              "parentUUID": "c665c814-4502-4030-b593-86b38319003a",
              "isHook": false,
              "skipped": false
            },
            {
              "title": "should navigate to the '/video-games/stories' page",
              "fullTitle": "Check for render should navigate to the '/video-games/stories' page",
              "timedOut": null,
              "duration": 5358,
              "state": "passed",
              "speed": "slow",
              "pass": true,
              "fail": false,
              "pending": false,
              "context": null,
              "code": "cy.visit(root);\ncy.get(\"body\").should('not.contain', _error.ERROR_HEADER_TEXT);",
              "err": {},
              "uuid": "bb4a53d8-ccd8-4cf7-b15d-c255e3768735",
              "parentUUID": "c665c814-4502-4030-b593-86b38319003a",
              "isHook": false,
              "skipped": false
            },
            {
              "title": "should navigate to the '/video-games/tt0022215' page",
              "fullTitle": "Check for render should navigate to the '/video-games/tt0022215' page",
              "timedOut": null,
              "duration": 4358,
              "state": "passed",
              "speed": "slow",
              "pass": true,
              "fail": false,
              "pending": false,
              "context": null,
              "code": "cy.visit(root);\ncy.get(\"body\").should('not.contain', _error.ERROR_HEADER_TEXT);",
              "err": {},
              "uuid": "d12f42a0-a806-435b-89b0-c468235d98b6",
              "parentUUID": "c665c814-4502-4030-b593-86b38319003a",
              "isHook": false,
              "skipped": false
            },
            {
              "title": "should navigate to the '/podcasts' page",
              "fullTitle": "Check for render should navigate to the '/podcasts' page",
              "timedOut": null,
              "duration": 6469,
              "state": "passed",
              "speed": "slow",
              "pass": true,
              "fail": false,
              "pending": false,
              "context": null,
              "code": "cy.visit(root);\ncy.get(\"body\").should('not.contain', _error.ERROR_HEADER_TEXT);",
              "err": {},
              "uuid": "18969957-4052-4a7e-bb53-885cab6ae971",
              "parentUUID": "c665c814-4502-4030-b593-86b38319003a",
              "isHook": false,
              "skipped": false
            },
            {
              "title": "should navigate to the '/podcasts/stories' page",
              "fullTitle": "Check for render should navigate to the '/podcasts/stories' page",
              "timedOut": null,
              "duration": 5031,
              "state": "passed",
              "speed": "slow",
              "pass": true,
              "fail": false,
              "pending": false,
              "context": null,
              "code": "cy.visit(root);\ncy.get(\"body\").should('not.contain', _error.ERROR_HEADER_TEXT);",
              "err": {},
              "uuid": "68b74f88-9df2-45e2-9a5e-e233f665e5f1",
              "parentUUID": "c665c814-4502-4030-b593-86b38319003a",
              "isHook": false,
              "skipped": false
            },
            {
              "title": "should navigate to the '/podcasts/0002da5f-49a2-31ba-b44c-cdeabdf113cb' page",
              "fullTitle": "Check for render should navigate to the '/podcasts/0002da5f-49a2-31ba-b44c-cdeabdf113cb' page",
              "timedOut": null,
              "duration": 3380,
              "state": "passed",
              "speed": "slow",
              "pass": true,
              "fail": false,
              "pending": false,
              "context": null,
              "code": "cy.visit(root);\ncy.get(\"body\").should('not.contain', _error.ERROR_HEADER_TEXT);",
              "err": {},
              "uuid": "4858d14a-63a3-4144-84b8-f5cba17b442b",
              "parentUUID": "c665c814-4502-4030-b593-86b38319003a",
              "isHook": false,
              "skipped": false
            },
            {
              "title": "should navigate to the '/people' page",
              "fullTitle": "Check for render should navigate to the '/people' page",
              "timedOut": null,
              "duration": 5660,
              "state": "passed",
              "speed": "slow",
              "pass": true,
              "fail": false,
              "pending": false,
              "context": null,
              "code": "cy.visit(root);\ncy.get(\"body\").should('not.contain', _error.ERROR_HEADER_TEXT);",
              "err": {},
              "uuid": "268873be-fc18-4c21-afd2-3a764ce38808",
              "parentUUID": "c665c814-4502-4030-b593-86b38319003a",
              "isHook": false,
              "skipped": false
            },
            {
              "title": "should navigate to the '/people/stories' page",
              "fullTitle": "Check for render should navigate to the '/people/stories' page",
              "timedOut": null,
              "duration": 3029,
              "state": "passed",
              "speed": "slow",
              "pass": true,
              "fail": false,
              "pending": false,
              "context": null,
              "code": "cy.visit(root);\ncy.get(\"body\").should('not.contain', _error.ERROR_HEADER_TEXT);",
              "err": {},
              "uuid": "417754e7-9b44-4434-98ee-639a7ad432ca",
              "parentUUID": "c665c814-4502-4030-b593-86b38319003a",
              "isHook": false,
              "skipped": false
            },
            {
              "title": "should navigate to the '/people/nm0000158' page",
              "fullTitle": "Check for render should navigate to the '/people/nm0000158' page",
              "timedOut": null,
              "duration": 3964,
              "state": "passed",
              "speed": "slow",
              "pass": true,
              "fail": false,
              "pending": false,
              "context": null,
              "code": "cy.visit(root);\ncy.get(\"body\").should('not.contain', _error.ERROR_HEADER_TEXT);",
              "err": {},
              "uuid": "1000e0a3-993d-4f77-9dde-9abde395cdde",
              "parentUUID": "c665c814-4502-4030-b593-86b38319003a",
              "isHook": false,
              "skipped": false
            },
            {
              "title": "should navigate to the '/search' page",
              "fullTitle": "Check for render should navigate to the '/search' page",
              "timedOut": null,
              "duration": 4531,
              "state": "passed",
              "speed": "slow",
              "pass": true,
              "fail": false,
              "pending": false,
              "context": null,
              "code": "cy.visit(root);\ncy.get(\"body\").should('not.contain', _error.ERROR_HEADER_TEXT);",
              "err": {},
              "uuid": "3e17aaed-7a5c-44df-b7c0-954edb639e87",
              "parentUUID": "c665c814-4502-4030-b593-86b38319003a",
              "isHook": false,
              "skipped": false
            },
            {
              "title": "should navigate to the '/about' page",
              "fullTitle": "Check for render should navigate to the '/about' page",
              "timedOut": null,
              "duration": 3121,
              "state": "passed",
              "speed": "slow",
              "pass": true,
              "fail": false,
              "pending": false,
              "context": null,
              "code": "cy.visit(root);\ncy.get(\"body\").should('not.contain', _error.ERROR_HEADER_TEXT);",
              "err": {},
              "uuid": "09cece71-2fa4-4f17-a2f5-0e0817a4e62c",
              "parentUUID": "c665c814-4502-4030-b593-86b38319003a",
              "isHook": false,
              "skipped": false
            },
            {
              "title": "should navigate to the '/about/data' page",
              "fullTitle": "Check for render should navigate to the '/about/data' page",
              "timedOut": null,
              "duration": 3062,
              "state": "passed",
              "speed": "slow",
              "pass": true,
              "fail": false,
              "pending": false,
              "context": null,
              "code": "cy.visit(root);\ncy.get(\"body\").should('not.contain', _error.ERROR_HEADER_TEXT);",
              "err": {},
              "uuid": "b07a899d-8b38-40d6-ba77-99537edc6a3c",
              "parentUUID": "c665c814-4502-4030-b593-86b38319003a",
              "isHook": false,
              "skipped": false
            },
            {
              "title": "should navigate to the '/about/project' page",
              "fullTitle": "Check for render should navigate to the '/about/project' page",
              "timedOut": null,
              "duration": 2643,
              "state": "passed",
              "speed": "slow",
              "pass": true,
              "fail": false,
              "pending": false,
              "context": null,
              "code": "cy.visit(root);\ncy.get(\"body\").should('not.contain', _error.ERROR_HEADER_TEXT);",
              "err": {},
              "uuid": "a447d202-c2a3-4f0a-b2fe-956c494b5107",
              "parentUUID": "c665c814-4502-4030-b593-86b38319003a",
              "isHook": false,
              "skipped": false
            },
            {
              "title": "should navigate to the '/about/project/log' page",
              "fullTitle": "Check for render should navigate to the '/about/project/log' page",
              "timedOut": null,
              "duration": 4579,
              "state": "passed",
              "speed": "slow",
              "pass": true,
              "fail": false,
              "pending": false,
              "context": null,
              "code": "cy.visit(root);\ncy.get(\"body\").should('not.contain', _error.ERROR_HEADER_TEXT);",
              "err": {},
              "uuid": "35b7490f-6147-4a17-a768-1d6ffeb463bb",
              "parentUUID": "c665c814-4502-4030-b593-86b38319003a",
              "isHook": false,
              "skipped": false
            },
            {
              "title": "should navigate to the '/about/project/log/posts/7-7-v-1-1' page",
              "fullTitle": "Check for render should navigate to the '/about/project/log/posts/7-7-v-1-1' page",
              "timedOut": null,
              "duration": 5327,
              "state": "passed",
              "speed": "slow",
              "pass": true,
              "fail": false,
              "pending": false,
              "context": null,
              "code": "cy.visit(root);\ncy.get(\"body\").should('not.contain', _error.ERROR_HEADER_TEXT);",
              "err": {},
              "uuid": "e37dbf63-8056-4074-b4b8-24f021a5f8f8",
              "parentUUID": "c665c814-4502-4030-b593-86b38319003a",
              "isHook": false,
              "skipped": false
            },
            {
              "title": "should navigate to the '/about/project/roadmap' page",
              "fullTitle": "Check for render should navigate to the '/about/project/roadmap' page",
              "timedOut": null,
              "duration": 2587,
              "state": "passed",
              "speed": "slow",
              "pass": true,
              "fail": false,
              "pending": false,
              "context": null,
              "code": "cy.visit(root);\ncy.get(\"body\").should('not.contain', _error.ERROR_HEADER_TEXT);",
              "err": {},
              "uuid": "99758f1d-90d0-48f2-b205-c4b84fedf500",
              "parentUUID": "c665c814-4502-4030-b593-86b38319003a",
              "isHook": false,
              "skipped": false
            },
            {
              "title": "should navigate to the '/about/project/sitemap' page",
              "fullTitle": "Check for render should navigate to the '/about/project/sitemap' page",
              "timedOut": null,
              "duration": 4013,
              "state": "passed",
              "speed": "slow",
              "pass": true,
              "fail": false,
              "pending": false,
              "context": null,
              "code": "cy.visit(root);\ncy.get(\"body\").should('not.contain', _error.ERROR_HEADER_TEXT);",
              "err": {},
              "uuid": "ba283d87-b38d-4df9-9a11-4726238ad07a",
              "parentUUID": "c665c814-4502-4030-b593-86b38319003a",
              "isHook": false,
              "skipped": false
            },
            {
              "title": "should navigate to the '/about/tech' page",
              "fullTitle": "Check for render should navigate to the '/about/tech' page",
              "timedOut": null,
              "duration": 4248,
              "state": "passed",
              "speed": "slow",
              "pass": true,
              "fail": false,
              "pending": false,
              "context": null,
              "code": "cy.visit(root);\ncy.get(\"body\").should('not.contain', _error.ERROR_HEADER_TEXT);",
              "err": {},
              "uuid": "ea0abaf2-e70e-48fd-be6f-78075f993b61",
              "parentUUID": "c665c814-4502-4030-b593-86b38319003a",
              "isHook": false,
              "skipped": false
            },
            {
              "title": "should navigate to the '/about/timeline' page",
              "fullTitle": "Check for render should navigate to the '/about/timeline' page",
              "timedOut": null,
              "duration": 13625,
              "state": "passed",
              "speed": "slow",
              "pass": true,
              "fail": false,
              "pending": false,
              "context": null,
              "code": "cy.visit(root);\ncy.get(\"body\").should('not.contain', _error.ERROR_HEADER_TEXT);",
              "err": {},
              "uuid": "f8bc9708-2f88-41ff-a85d-29cacd9740a9",
              "parentUUID": "c665c814-4502-4030-b593-86b38319003a",
              "isHook": false,
              "skipped": false
            }
          ],
          "suites": [],
          "passes": [
            "35a34d42-14e9-41ff-b247-f5a8424b077e",
            "9b4c65a0-57dd-45d7-81d7-76f189a32baa",
            "50e9d94c-3d05-4499-ae76-d6f7a6eb37c6",
            "4aea9495-bb6f-4871-ab9a-2c90719abc8c",
            "a80340b8-f11b-4aa0-913e-1b9032eca29e",
            "634a8a4a-b289-4e51-97d2-365cf06cba90",
            "3a240187-47f2-4082-a4f5-21e4daf7671f",
            "2af1fbdd-43f5-4a70-942f-cf8d66d301cc",
            "8c1889f8-5534-456f-9d74-d2fe761bb06f",
            "f9d871b5-48a2-423f-b5e3-3636e6e44df4",
            "2b881996-ce71-43ea-bbdc-9d955e922f1c",
            "a9382e41-b668-4f4f-94b4-31202025e9b2",
            "e7833b15-4cd7-46c9-ad15-1f57e87a1628",
            "f2d80dba-b4ca-49db-bba9-5bcc42e538da",
            "056c0105-61e3-4ccd-93d9-2dbb718e6832",
            "21d74848-88c3-4286-876c-02c24f159398",
            "4688a511-4e1a-42a6-a05b-33046bbf1f55",
            "e90a8723-9416-4170-ad41-2eb4fc8ff604",
            "bb4a53d8-ccd8-4cf7-b15d-c255e3768735",
            "d12f42a0-a806-435b-89b0-c468235d98b6",
            "18969957-4052-4a7e-bb53-885cab6ae971",
            "68b74f88-9df2-45e2-9a5e-e233f665e5f1",
            "4858d14a-63a3-4144-84b8-f5cba17b442b",
            "268873be-fc18-4c21-afd2-3a764ce38808",
            "417754e7-9b44-4434-98ee-639a7ad432ca",
            "1000e0a3-993d-4f77-9dde-9abde395cdde",
            "3e17aaed-7a5c-44df-b7c0-954edb639e87",
            "09cece71-2fa4-4f17-a2f5-0e0817a4e62c",
            "b07a899d-8b38-40d6-ba77-99537edc6a3c",
            "a447d202-c2a3-4f0a-b2fe-956c494b5107",
            "35b7490f-6147-4a17-a768-1d6ffeb463bb",
            "e37dbf63-8056-4074-b4b8-24f021a5f8f8",
            "99758f1d-90d0-48f2-b205-c4b84fedf500",
            "ba283d87-b38d-4df9-9a11-4726238ad07a",
            "ea0abaf2-e70e-48fd-be6f-78075f993b61",
            "f8bc9708-2f88-41ff-a85d-29cacd9740a9"
          ],
          "failures": [
            "9bb9a2af-a3c6-41de-a5a8-47bcb7db915f",
            "e93028e9-9ee5-40f5-970c-99f6a666c173",
            "9137b286-4d09-4be6-826c-168e3f84a270"
          ],
          "pending": [],
          "skipped": [],
          "duration": 458287,
          "root": false,
          "rootEmpty": false,
          "_timeout": 2000
        }
      ],
      "passes": [],
      "failures": [],
      "pending": [],
      "skipped": [],
      "duration": 0,
      "root": true,
      "rootEmpty": true,
      "_timeout": 2000
    }
  ],
  "meta": {
    "mocha": {
      "version": "7.0.1"
    },
    "mochawesome": {
      "options": {
        "quiet": false,
        "reportFilename": "mochawesome",
        "saveHtml": false,
        "saveJson": true,
        "consoleReporter": "spec",
        "useInlineDiffs": false,
        "code": true
      },
      "version": "7.0.1"
    },
    "marge": {
      "options": {
        "charts": true,
        "overwrite": false,
        "html": false,
        "json": true,
        "reportDir": "src/tests/cypress/reports"
      },
      "version": "6.0.1"
    }
  }
}