{
  "stats": {
    "suites": 1,
    "tests": 39,
    "passes": 39,
    "pending": 0,
    "failures": 0,
    "start": "2021-12-06T22:20:51.855Z",
    "end": "2021-12-06T22:23:08.046Z",
    "duration": 136191,
    "testsRegistered": 39,
    "passPercent": 100,
    "pendingPercent": 0,
    "other": 0,
    "hasOther": false,
    "skipped": 0,
    "hasSkipped": false
  },
  "results": [
    {
      "uuid": "29046747-1f8c-406b-8ffd-944570712f29",
      "title": "",
      "fullFile": "src/tests/cypress/integration/app.spec.js",
      "file": "src/tests/cypress/integration/app.spec.js",
      "beforeHooks": [],
      "afterHooks": [],
      "tests": [],
      "suites": [
        {
          "uuid": "04fe16d5-491b-457c-898d-48c03fdacbbe",
          "title": "Check for render",
          "fullFile": "",
          "file": "",
          "beforeHooks": [],
          "afterHooks": [],
          "tests": [
            {
              "title": "should navigate to the '/' page",
              "fullTitle": "Check for render should navigate to the '/' page",
              "timedOut": null,
              "duration": 17333,
              "state": "passed",
              "speed": "slow",
              "pass": true,
              "fail": false,
              "pending": false,
              "context": null,
              "code": "cy.visit(root);\ncy.get(\"body\").should('not.contain', _error.ERROR_HEADER_TEXT);",
              "err": {},
              "uuid": "cb7f9883-c955-4e6e-b676-5ade250e5fde",
              "parentUUID": "04fe16d5-491b-457c-898d-48c03fdacbbe",
              "isHook": false,
              "skipped": false
            },
            {
              "title": "should navigate to the '/stories' page",
              "fullTitle": "Check for render should navigate to the '/stories' page",
              "timedOut": null,
              "duration": 3783,
              "state": "passed",
              "speed": "slow",
              "pass": true,
              "fail": false,
              "pending": false,
              "context": null,
              "code": "cy.visit(root);\ncy.get(\"body\").should('not.contain', _error.ERROR_HEADER_TEXT);",
              "err": {},
              "uuid": "59d043f4-d8fe-4fe4-8b68-ca815bbcdb15",
              "parentUUID": "04fe16d5-491b-457c-898d-48c03fdacbbe",
              "isHook": false,
              "skipped": false
            },
            {
              "title": "should navigate to the '/movies' page",
              "fullTitle": "Check for render should navigate to the '/movies' page",
              "timedOut": null,
              "duration": 32490,
              "state": "passed",
              "speed": "slow",
              "pass": true,
              "fail": false,
              "pending": false,
              "context": null,
              "code": "cy.visit(root);\ncy.get(\"body\").should('not.contain', _error.ERROR_HEADER_TEXT);",
              "err": {},
              "uuid": "e377a02c-9409-4f0d-9299-071caf33bae6",
              "parentUUID": "04fe16d5-491b-457c-898d-48c03fdacbbe",
              "isHook": false,
              "skipped": false
            },
            {
              "title": "should navigate to the '/movies/tt0454876' page",
              "fullTitle": "Check for render should navigate to the '/movies/tt0454876' page",
              "timedOut": null,
              "duration": 5408,
              "state": "passed",
              "speed": "slow",
              "pass": true,
              "fail": false,
              "pending": false,
              "context": null,
              "code": "cy.visit(root);\ncy.get(\"body\").should('not.contain', _error.ERROR_HEADER_TEXT);",
              "err": {},
              "uuid": "72d50687-f763-4afa-a637-3662bda0f6e2",
              "parentUUID": "04fe16d5-491b-457c-898d-48c03fdacbbe",
              "isHook": false,
              "skipped": false
            },
            {
              "title": "should navigate to the '/movies/festivals' page",
              "fullTitle": "Check for render should navigate to the '/movies/festivals' page",
              "timedOut": null,
              "duration": 3503,
              "state": "passed",
              "speed": "slow",
              "pass": true,
              "fail": false,
              "pending": false,
              "context": null,
              "code": "cy.visit(root);\ncy.get(\"body\").should('not.contain', _error.ERROR_HEADER_TEXT);",
              "err": {},
              "uuid": "72773d31-e68a-4855-952b-73548607983c",
              "parentUUID": "04fe16d5-491b-457c-898d-48c03fdacbbe",
              "isHook": false,
              "skipped": false
            },
            {
              "title": "should navigate to the '/movies/festivals/mf00001' page",
              "fullTitle": "Check for render should navigate to the '/movies/festivals/mf00001' page",
              "timedOut": null,
              "duration": 4490,
              "state": "passed",
              "speed": "slow",
              "pass": true,
              "fail": false,
              "pending": false,
              "context": null,
              "code": "cy.visit(root);\ncy.get(\"body\").should('not.contain', _error.ERROR_HEADER_TEXT);",
              "err": {},
              "uuid": "51fc2386-8e54-4ddb-a584-a597c53272f7",
              "parentUUID": "04fe16d5-491b-457c-898d-48c03fdacbbe",
              "isHook": false,
              "skipped": false
            },
            {
              "title": "should navigate to the '/movies/stories' page",
              "fullTitle": "Check for render should navigate to the '/movies/stories' page",
              "timedOut": null,
              "duration": 1988,
              "state": "passed",
              "speed": "slow",
              "pass": true,
              "fail": false,
              "pending": false,
              "context": null,
              "code": "cy.visit(root);\ncy.get(\"body\").should('not.contain', _error.ERROR_HEADER_TEXT);",
              "err": {},
              "uuid": "f127a999-780a-44ae-b1fe-e8f4adda934e",
              "parentUUID": "04fe16d5-491b-457c-898d-48c03fdacbbe",
              "isHook": false,
              "skipped": false
            },
            {
              "title": "should navigate to the '/movies/stories/actors' page",
              "fullTitle": "Check for render should navigate to the '/movies/stories/actors' page",
              "timedOut": null,
              "duration": 1675,
              "state": "passed",
              "speed": "slow",
              "pass": true,
              "fail": false,
              "pending": false,
              "context": null,
              "code": "cy.visit(root);\ncy.get(\"body\").should('not.contain', _error.ERROR_HEADER_TEXT);",
              "err": {},
              "uuid": "11e17996-11a4-4604-8d2b-abefa2fdae23",
              "parentUUID": "04fe16d5-491b-457c-898d-48c03fdacbbe",
              "isHook": false,
              "skipped": false
            },
            {
              "title": "should navigate to the '/movies/stories/awards' page",
              "fullTitle": "Check for render should navigate to the '/movies/stories/awards' page",
              "timedOut": null,
              "duration": 2070,
              "state": "passed",
              "speed": "slow",
              "pass": true,
              "fail": false,
              "pending": false,
              "context": null,
              "code": "cy.visit(root);\ncy.get(\"body\").should('not.contain', _error.ERROR_HEADER_TEXT);",
              "err": {},
              "uuid": "27256a58-57dd-467b-b9bc-fc5fc8fef948",
              "parentUUID": "04fe16d5-491b-457c-898d-48c03fdacbbe",
              "isHook": false,
              "skipped": false
            },
            {
              "title": "should navigate to the '/movies/stories/awards/award=mf00001&&year=2015' page",
              "fullTitle": "Check for render should navigate to the '/movies/stories/awards/award=mf00001&&year=2015' page",
              "timedOut": null,
              "duration": 3222,
              "state": "passed",
              "speed": "slow",
              "pass": true,
              "fail": false,
              "pending": false,
              "context": null,
              "code": "cy.visit(root);\ncy.get(\"body\").should('not.contain', _error.ERROR_HEADER_TEXT);",
              "err": {},
              "uuid": "1715b979-109a-44b7-a90e-d5531ff952a9",
              "parentUUID": "04fe16d5-491b-457c-898d-48c03fdacbbe",
              "isHook": false,
              "skipped": false
            },
            {
              "title": "should navigate to the '/movies/stories/directors' page",
              "fullTitle": "Check for render should navigate to the '/movies/stories/directors' page",
              "timedOut": null,
              "duration": 1859,
              "state": "passed",
              "speed": "slow",
              "pass": true,
              "fail": false,
              "pending": false,
              "context": null,
              "code": "cy.visit(root);\ncy.get(\"body\").should('not.contain', _error.ERROR_HEADER_TEXT);",
              "err": {},
              "uuid": "3632fd70-12df-4982-9c2f-8d06a1c20664",
              "parentUUID": "04fe16d5-491b-457c-898d-48c03fdacbbe",
              "isHook": false,
              "skipped": false
            },
            {
              "title": "should navigate to the '/movies/stories/remakes' page",
              "fullTitle": "Check for render should navigate to the '/movies/stories/remakes' page",
              "timedOut": null,
              "duration": 2737,
              "state": "passed",
              "speed": "slow",
              "pass": true,
              "fail": false,
              "pending": false,
              "context": null,
              "code": "cy.visit(root);\ncy.get(\"body\").should('not.contain', _error.ERROR_HEADER_TEXT);",
              "err": {},
              "uuid": "eac02b10-fc2b-4c07-bb49-1651dd5df57c",
              "parentUUID": "04fe16d5-491b-457c-898d-48c03fdacbbe",
              "isHook": false,
              "skipped": false
            },
            {
              "title": "should navigate to the '/movies/stories/writers' page",
              "fullTitle": "Check for render should navigate to the '/movies/stories/writers' page",
              "timedOut": null,
              "duration": 3311,
              "state": "passed",
              "speed": "slow",
              "pass": true,
              "fail": false,
              "pending": false,
              "context": null,
              "code": "cy.visit(root);\ncy.get(\"body\").should('not.contain', _error.ERROR_HEADER_TEXT);",
              "err": {},
              "uuid": "c17471b3-be37-466a-8dd5-2a8ccf03be72",
              "parentUUID": "04fe16d5-491b-457c-898d-48c03fdacbbe",
              "isHook": false,
              "skipped": false
            },
            {
              "title": "should navigate to the '/tv-shows' page",
              "fullTitle": "Check for render should navigate to the '/tv-shows' page",
              "timedOut": null,
              "duration": 2666,
              "state": "passed",
              "speed": "slow",
              "pass": true,
              "fail": false,
              "pending": false,
              "context": null,
              "code": "cy.visit(root);\ncy.get(\"body\").should('not.contain', _error.ERROR_HEADER_TEXT);",
              "err": {},
              "uuid": "1ec02234-9075-497e-b131-d9ff0456afe7",
              "parentUUID": "04fe16d5-491b-457c-898d-48c03fdacbbe",
              "isHook": false,
              "skipped": false
            },
            {
              "title": "should navigate to the '/tv-shows/tt0454876' page",
              "fullTitle": "Check for render should navigate to the '/tv-shows/tt0454876' page",
              "timedOut": null,
              "duration": 1437,
              "state": "passed",
              "speed": "slow",
              "pass": true,
              "fail": false,
              "pending": false,
              "context": null,
              "code": "cy.visit(root);\ncy.get(\"body\").should('not.contain', _error.ERROR_HEADER_TEXT);",
              "err": {},
              "uuid": "8dfab6b1-da9c-44a4-aabc-a7ac5db076fd",
              "parentUUID": "04fe16d5-491b-457c-898d-48c03fdacbbe",
              "isHook": false,
              "skipped": false
            },
            {
              "title": "should navigate to the '/tv-shows/stories' page",
              "fullTitle": "Check for render should navigate to the '/tv-shows/stories' page",
              "timedOut": null,
              "duration": 1424,
              "state": "passed",
              "speed": "slow",
              "pass": true,
              "fail": false,
              "pending": false,
              "context": null,
              "code": "cy.visit(root);\ncy.get(\"body\").should('not.contain', _error.ERROR_HEADER_TEXT);",
              "err": {},
              "uuid": "0081912c-fe32-4fba-8915-ad56ea1fd8d4",
              "parentUUID": "04fe16d5-491b-457c-898d-48c03fdacbbe",
              "isHook": false,
              "skipped": false
            },
            {
              "title": "should navigate to the '/tv-shows/stories/actors' page",
              "fullTitle": "Check for render should navigate to the '/tv-shows/stories/actors' page",
              "timedOut": null,
              "duration": 1324,
              "state": "passed",
              "speed": "slow",
              "pass": true,
              "fail": false,
              "pending": false,
              "context": null,
              "code": "cy.visit(root);\ncy.get(\"body\").should('not.contain', _error.ERROR_HEADER_TEXT);",
              "err": {},
              "uuid": "359b212f-cbc4-4292-9967-138d5deb0383",
              "parentUUID": "04fe16d5-491b-457c-898d-48c03fdacbbe",
              "isHook": false,
              "skipped": false
            },
            {
              "title": "should navigate to the '/tv-shows/stories/directors' page",
              "fullTitle": "Check for render should navigate to the '/tv-shows/stories/directors' page",
              "timedOut": null,
              "duration": 1445,
              "state": "passed",
              "speed": "slow",
              "pass": true,
              "fail": false,
              "pending": false,
              "context": null,
              "code": "cy.visit(root);\ncy.get(\"body\").should('not.contain', _error.ERROR_HEADER_TEXT);",
              "err": {},
              "uuid": "23f3f342-517a-4f0b-9591-6af7a9c86d8b",
              "parentUUID": "04fe16d5-491b-457c-898d-48c03fdacbbe",
              "isHook": false,
              "skipped": false
            },
            {
              "title": "should navigate to the '/tv-shows/stories/remakes' page",
              "fullTitle": "Check for render should navigate to the '/tv-shows/stories/remakes' page",
              "timedOut": null,
              "duration": 1458,
              "state": "passed",
              "speed": "slow",
              "pass": true,
              "fail": false,
              "pending": false,
              "context": null,
              "code": "cy.visit(root);\ncy.get(\"body\").should('not.contain', _error.ERROR_HEADER_TEXT);",
              "err": {},
              "uuid": "67bd7bcb-0426-4861-b6c5-0d1aa20edc8d",
              "parentUUID": "04fe16d5-491b-457c-898d-48c03fdacbbe",
              "isHook": false,
              "skipped": false
            },
            {
              "title": "should navigate to the '/tv-shows/stories/writers' page",
              "fullTitle": "Check for render should navigate to the '/tv-shows/stories/writers' page",
              "timedOut": null,
              "duration": 1388,
              "state": "passed",
              "speed": "slow",
              "pass": true,
              "fail": false,
              "pending": false,
              "context": null,
              "code": "cy.visit(root);\ncy.get(\"body\").should('not.contain', _error.ERROR_HEADER_TEXT);",
              "err": {},
              "uuid": "e3688144-4055-468e-978f-39d9b60ed74a",
              "parentUUID": "04fe16d5-491b-457c-898d-48c03fdacbbe",
              "isHook": false,
              "skipped": false
            },
            {
              "title": "should navigate to the '/video-games' page",
              "fullTitle": "Check for render should navigate to the '/video-games' page",
              "timedOut": null,
              "duration": 1719,
              "state": "passed",
              "speed": "slow",
              "pass": true,
              "fail": false,
              "pending": false,
              "context": null,
              "code": "cy.visit(root);\ncy.get(\"body\").should('not.contain', _error.ERROR_HEADER_TEXT);",
              "err": {},
              "uuid": "8ff5ac74-ea5c-4900-9722-6a704c8ce05f",
              "parentUUID": "04fe16d5-491b-457c-898d-48c03fdacbbe",
              "isHook": false,
              "skipped": false
            },
            {
              "title": "should navigate to the '/video-games/stories' page",
              "fullTitle": "Check for render should navigate to the '/video-games/stories' page",
              "timedOut": null,
              "duration": 1995,
              "state": "passed",
              "speed": "slow",
              "pass": true,
              "fail": false,
              "pending": false,
              "context": null,
              "code": "cy.visit(root);\ncy.get(\"body\").should('not.contain', _error.ERROR_HEADER_TEXT);",
              "err": {},
              "uuid": "e19484e3-5f43-4d74-b4f0-c22ffff0a1b4",
              "parentUUID": "04fe16d5-491b-457c-898d-48c03fdacbbe",
              "isHook": false,
              "skipped": false
            },
            {
              "title": "should navigate to the '/video-games/tt0022215' page",
              "fullTitle": "Check for render should navigate to the '/video-games/tt0022215' page",
              "timedOut": null,
              "duration": 1876,
              "state": "passed",
              "speed": "slow",
              "pass": true,
              "fail": false,
              "pending": false,
              "context": null,
              "code": "cy.visit(root);\ncy.get(\"body\").should('not.contain', _error.ERROR_HEADER_TEXT);",
              "err": {},
              "uuid": "a71c4c52-2824-49e9-b0a6-4a9e642487b1",
              "parentUUID": "04fe16d5-491b-457c-898d-48c03fdacbbe",
              "isHook": false,
              "skipped": false
            },
            {
              "title": "should navigate to the '/podcasts' page",
              "fullTitle": "Check for render should navigate to the '/podcasts' page",
              "timedOut": null,
              "duration": 2111,
              "state": "passed",
              "speed": "slow",
              "pass": true,
              "fail": false,
              "pending": false,
              "context": null,
              "code": "cy.visit(root);\ncy.get(\"body\").should('not.contain', _error.ERROR_HEADER_TEXT);",
              "err": {},
              "uuid": "89b60f01-21a9-4e12-9987-a687b0822cd5",
              "parentUUID": "04fe16d5-491b-457c-898d-48c03fdacbbe",
              "isHook": false,
              "skipped": false
            },
            {
              "title": "should navigate to the '/podcasts/stories' page",
              "fullTitle": "Check for render should navigate to the '/podcasts/stories' page",
              "timedOut": null,
              "duration": 1481,
              "state": "passed",
              "speed": "slow",
              "pass": true,
              "fail": false,
              "pending": false,
              "context": null,
              "code": "cy.visit(root);\ncy.get(\"body\").should('not.contain', _error.ERROR_HEADER_TEXT);",
              "err": {},
              "uuid": "3748fd93-91d1-47a1-8248-952764c2e769",
              "parentUUID": "04fe16d5-491b-457c-898d-48c03fdacbbe",
              "isHook": false,
              "skipped": false
            },
            {
              "title": "should navigate to the '/podcasts/0002da5f-49a2-31ba-b44c-cdeabdf113cb' page",
              "fullTitle": "Check for render should navigate to the '/podcasts/0002da5f-49a2-31ba-b44c-cdeabdf113cb' page",
              "timedOut": null,
              "duration": 1258,
              "state": "passed",
              "speed": "slow",
              "pass": true,
              "fail": false,
              "pending": false,
              "context": null,
              "code": "cy.visit(root);\ncy.get(\"body\").should('not.contain', _error.ERROR_HEADER_TEXT);",
              "err": {},
              "uuid": "8111b82d-c38a-437c-9a44-28a2181000ae",
              "parentUUID": "04fe16d5-491b-457c-898d-48c03fdacbbe",
              "isHook": false,
              "skipped": false
            },
            {
              "title": "should navigate to the '/people' page",
              "fullTitle": "Check for render should navigate to the '/people' page",
              "timedOut": null,
              "duration": 1850,
              "state": "passed",
              "speed": "slow",
              "pass": true,
              "fail": false,
              "pending": false,
              "context": null,
              "code": "cy.visit(root);\ncy.get(\"body\").should('not.contain', _error.ERROR_HEADER_TEXT);",
              "err": {},
              "uuid": "5d6da59d-796e-42e5-95bc-5f2c07c30d9a",
              "parentUUID": "04fe16d5-491b-457c-898d-48c03fdacbbe",
              "isHook": false,
              "skipped": false
            },
            {
              "title": "should navigate to the '/people/stories' page",
              "fullTitle": "Check for render should navigate to the '/people/stories' page",
              "timedOut": null,
              "duration": 1166,
              "state": "passed",
              "speed": "slow",
              "pass": true,
              "fail": false,
              "pending": false,
              "context": null,
              "code": "cy.visit(root);\ncy.get(\"body\").should('not.contain', _error.ERROR_HEADER_TEXT);",
              "err": {},
              "uuid": "f309363a-1ee1-4bf5-a56f-b61f20d0ade6",
              "parentUUID": "04fe16d5-491b-457c-898d-48c03fdacbbe",
              "isHook": false,
              "skipped": false
            },
            {
              "title": "should navigate to the '/people/nm0000158' page",
              "fullTitle": "Check for render should navigate to the '/people/nm0000158' page",
              "timedOut": null,
              "duration": 1235,
              "state": "passed",
              "speed": "slow",
              "pass": true,
              "fail": false,
              "pending": false,
              "context": null,
              "code": "cy.visit(root);\ncy.get(\"body\").should('not.contain', _error.ERROR_HEADER_TEXT);",
              "err": {},
              "uuid": "5a3dcb97-0e21-4c9e-a249-20fab330ca05",
              "parentUUID": "04fe16d5-491b-457c-898d-48c03fdacbbe",
              "isHook": false,
              "skipped": false
            },
            {
              "title": "should navigate to the '/search' page",
              "fullTitle": "Check for render should navigate to the '/search' page",
              "timedOut": null,
              "duration": 2056,
              "state": "passed",
              "speed": "slow",
              "pass": true,
              "fail": false,
              "pending": false,
              "context": null,
              "code": "cy.visit(root);\ncy.get(\"body\").should('not.contain', _error.ERROR_HEADER_TEXT);",
              "err": {},
              "uuid": "354a9b8f-edbc-44c8-a3ee-a0adb48e4942",
              "parentUUID": "04fe16d5-491b-457c-898d-48c03fdacbbe",
              "isHook": false,
              "skipped": false
            },
            {
              "title": "should navigate to the '/about' page",
              "fullTitle": "Check for render should navigate to the '/about' page",
              "timedOut": null,
              "duration": 1253,
              "state": "passed",
              "speed": "slow",
              "pass": true,
              "fail": false,
              "pending": false,
              "context": null,
              "code": "cy.visit(root);\ncy.get(\"body\").should('not.contain', _error.ERROR_HEADER_TEXT);",
              "err": {},
              "uuid": "6a4b9fa3-4076-43fb-86eb-fed81c6f618d",
              "parentUUID": "04fe16d5-491b-457c-898d-48c03fdacbbe",
              "isHook": false,
              "skipped": false
            },
            {
              "title": "should navigate to the '/about/data' page",
              "fullTitle": "Check for render should navigate to the '/about/data' page",
              "timedOut": null,
              "duration": 2265,
              "state": "passed",
              "speed": "slow",
              "pass": true,
              "fail": false,
              "pending": false,
              "context": null,
              "code": "cy.visit(root);\ncy.get(\"body\").should('not.contain', _error.ERROR_HEADER_TEXT);",
              "err": {},
              "uuid": "7dcf5e73-3ce6-4043-bb7a-bb588c50fc4d",
              "parentUUID": "04fe16d5-491b-457c-898d-48c03fdacbbe",
              "isHook": false,
              "skipped": false
            },
            {
              "title": "should navigate to the '/about/project' page",
              "fullTitle": "Check for render should navigate to the '/about/project' page",
              "timedOut": null,
              "duration": 2620,
              "state": "passed",
              "speed": "slow",
              "pass": true,
              "fail": false,
              "pending": false,
              "context": null,
              "code": "cy.visit(root);\ncy.get(\"body\").should('not.contain', _error.ERROR_HEADER_TEXT);",
              "err": {},
              "uuid": "739400a5-c56b-4f76-b2e6-199666e7b955",
              "parentUUID": "04fe16d5-491b-457c-898d-48c03fdacbbe",
              "isHook": false,
              "skipped": false
            },
            {
              "title": "should navigate to the '/about/project/log' page",
              "fullTitle": "Check for render should navigate to the '/about/project/log' page",
              "timedOut": null,
              "duration": 1346,
              "state": "passed",
              "speed": "slow",
              "pass": true,
              "fail": false,
              "pending": false,
              "context": null,
              "code": "cy.visit(root);\ncy.get(\"body\").should('not.contain', _error.ERROR_HEADER_TEXT);",
              "err": {},
              "uuid": "c9e06a71-c923-4bcf-8101-cff4628a8536",
              "parentUUID": "04fe16d5-491b-457c-898d-48c03fdacbbe",
              "isHook": false,
              "skipped": false
            },
            {
              "title": "should navigate to the '/about/project/log/posts/7-7-v-1-1' page",
              "fullTitle": "Check for render should navigate to the '/about/project/log/posts/7-7-v-1-1' page",
              "timedOut": null,
              "duration": 2114,
              "state": "passed",
              "speed": "slow",
              "pass": true,
              "fail": false,
              "pending": false,
              "context": null,
              "code": "cy.visit(root);\ncy.get(\"body\").should('not.contain', _error.ERROR_HEADER_TEXT);",
              "err": {},
              "uuid": "040e5ec7-ddcf-4597-b98a-4d41b0227283",
              "parentUUID": "04fe16d5-491b-457c-898d-48c03fdacbbe",
              "isHook": false,
              "skipped": false
            },
            {
              "title": "should navigate to the '/about/project/roadmap' page",
              "fullTitle": "Check for render should navigate to the '/about/project/roadmap' page",
              "timedOut": null,
              "duration": 1264,
              "state": "passed",
              "speed": "slow",
              "pass": true,
              "fail": false,
              "pending": false,
              "context": null,
              "code": "cy.visit(root);\ncy.get(\"body\").should('not.contain', _error.ERROR_HEADER_TEXT);",
              "err": {},
              "uuid": "8a383e3a-ba40-4623-8be8-b442565aff11",
              "parentUUID": "04fe16d5-491b-457c-898d-48c03fdacbbe",
              "isHook": false,
              "skipped": false
            },
            {
              "title": "should navigate to the '/about/project/sitemap' page",
              "fullTitle": "Check for render should navigate to the '/about/project/sitemap' page",
              "timedOut": null,
              "duration": 1526,
              "state": "passed",
              "speed": "slow",
              "pass": true,
              "fail": false,
              "pending": false,
              "context": null,
              "code": "cy.visit(root);\ncy.get(\"body\").should('not.contain', _error.ERROR_HEADER_TEXT);",
              "err": {},
              "uuid": "13b56cee-17cf-4d98-b5ca-8aef5c1877a6",
              "parentUUID": "04fe16d5-491b-457c-898d-48c03fdacbbe",
              "isHook": false,
              "skipped": false
            },
            {
              "title": "should navigate to the '/about/tech' page",
              "fullTitle": "Check for render should navigate to the '/about/tech' page",
              "timedOut": null,
              "duration": 1496,
              "state": "passed",
              "speed": "slow",
              "pass": true,
              "fail": false,
              "pending": false,
              "context": null,
              "code": "cy.visit(root);\ncy.get(\"body\").should('not.contain', _error.ERROR_HEADER_TEXT);",
              "err": {},
              "uuid": "4597100c-2817-4738-ade6-e5fd1b029976",
              "parentUUID": "04fe16d5-491b-457c-898d-48c03fdacbbe",
              "isHook": false,
              "skipped": false
            },
            {
              "title": "should navigate to the '/about/timeline' page",
              "fullTitle": "Check for render should navigate to the '/about/timeline' page",
              "timedOut": null,
              "duration": 8326,
              "state": "passed",
              "speed": "slow",
              "pass": true,
              "fail": false,
              "pending": false,
              "context": null,
              "code": "cy.visit(root);\ncy.get(\"body\").should('not.contain', _error.ERROR_HEADER_TEXT);",
              "err": {},
              "uuid": "ae5d8782-aecb-4cc4-883a-008da1b0f04f",
              "parentUUID": "04fe16d5-491b-457c-898d-48c03fdacbbe",
              "isHook": false,
              "skipped": false
            }
          ],
          "suites": [],
          "passes": [
            "cb7f9883-c955-4e6e-b676-5ade250e5fde",
            "59d043f4-d8fe-4fe4-8b68-ca815bbcdb15",
            "e377a02c-9409-4f0d-9299-071caf33bae6",
            "72d50687-f763-4afa-a637-3662bda0f6e2",
            "72773d31-e68a-4855-952b-73548607983c",
            "51fc2386-8e54-4ddb-a584-a597c53272f7",
            "f127a999-780a-44ae-b1fe-e8f4adda934e",
            "11e17996-11a4-4604-8d2b-abefa2fdae23",
            "27256a58-57dd-467b-b9bc-fc5fc8fef948",
            "1715b979-109a-44b7-a90e-d5531ff952a9",
            "3632fd70-12df-4982-9c2f-8d06a1c20664",
            "eac02b10-fc2b-4c07-bb49-1651dd5df57c",
            "c17471b3-be37-466a-8dd5-2a8ccf03be72",
            "1ec02234-9075-497e-b131-d9ff0456afe7",
            "8dfab6b1-da9c-44a4-aabc-a7ac5db076fd",
            "0081912c-fe32-4fba-8915-ad56ea1fd8d4",
            "359b212f-cbc4-4292-9967-138d5deb0383",
            "23f3f342-517a-4f0b-9591-6af7a9c86d8b",
            "67bd7bcb-0426-4861-b6c5-0d1aa20edc8d",
            "e3688144-4055-468e-978f-39d9b60ed74a",
            "8ff5ac74-ea5c-4900-9722-6a704c8ce05f",
            "e19484e3-5f43-4d74-b4f0-c22ffff0a1b4",
            "a71c4c52-2824-49e9-b0a6-4a9e642487b1",
            "89b60f01-21a9-4e12-9987-a687b0822cd5",
            "3748fd93-91d1-47a1-8248-952764c2e769",
            "8111b82d-c38a-437c-9a44-28a2181000ae",
            "5d6da59d-796e-42e5-95bc-5f2c07c30d9a",
            "f309363a-1ee1-4bf5-a56f-b61f20d0ade6",
            "5a3dcb97-0e21-4c9e-a249-20fab330ca05",
            "354a9b8f-edbc-44c8-a3ee-a0adb48e4942",
            "6a4b9fa3-4076-43fb-86eb-fed81c6f618d",
            "7dcf5e73-3ce6-4043-bb7a-bb588c50fc4d",
            "739400a5-c56b-4f76-b2e6-199666e7b955",
            "c9e06a71-c923-4bcf-8101-cff4628a8536",
            "040e5ec7-ddcf-4597-b98a-4d41b0227283",
            "8a383e3a-ba40-4623-8be8-b442565aff11",
            "13b56cee-17cf-4d98-b5ca-8aef5c1877a6",
            "4597100c-2817-4738-ade6-e5fd1b029976",
            "ae5d8782-aecb-4cc4-883a-008da1b0f04f"
          ],
          "failures": [],
          "pending": [],
          "skipped": [],
          "duration": 133968,
          "root": false,
          "rootEmpty": false,
          "_timeout": 2000
        }
      ],
      "passes": [],
      "failures": [],
      "pending": [],
      "skipped": [],
      "duration": 0,
      "root": true,
      "rootEmpty": true,
      "_timeout": 2000
    }
  ],
  "meta": {
    "mocha": {
      "version": "7.0.1"
    },
    "mochawesome": {
      "options": {
        "quiet": false,
        "reportFilename": "mochawesome",
        "saveHtml": false,
        "saveJson": true,
        "consoleReporter": "spec",
        "useInlineDiffs": false,
        "code": true
      },
      "version": "7.0.1"
    },
    "marge": {
      "options": {
        "charts": true,
        "overwrite": false,
        "html": false,
        "json": true,
        "reportDir": "src/tests/cypress/reports"
      },
      "version": "6.0.1"
    }
  }
}