{
  "stats": {
    "suites": 1,
    "tests": 39,
    "passes": 37,
    "pending": 0,
    "failures": 2,
    "start": "2021-11-23T16:06:13.555Z",
    "end": "2021-11-23T16:08:30.271Z",
    "duration": 136716,
    "testsRegistered": 39,
    "passPercent": 94.87179487179486,
    "pendingPercent": 0,
    "other": 0,
    "hasOther": false,
    "skipped": 0,
    "hasSkipped": false
  },
  "results": [
    {
      "uuid": "590729bd-1b4f-4475-b337-f1c2876490b1",
      "title": "",
      "fullFile": "src/tests/cypress/integration/app.spec.js",
      "file": "src/tests/cypress/integration/app.spec.js",
      "beforeHooks": [],
      "afterHooks": [],
      "tests": [],
      "suites": [
        {
          "uuid": "6b250f77-c229-40b6-8a56-c366f6fdd3ff",
          "title": "Check for render",
          "fullFile": "",
          "file": "",
          "beforeHooks": [],
          "afterHooks": [],
          "tests": [
            {
              "title": "should navigate to the '/' page",
              "fullTitle": "Check for render should navigate to the '/' page",
              "timedOut": null,
              "duration": 10766,
              "state": "passed",
              "speed": "slow",
              "pass": true,
              "fail": false,
              "pending": false,
              "context": null,
              "code": "cy.visit(root);\ncy.get(\"body\").should('not.contain', _error.ERROR_HEADER_TEXT);",
              "err": {},
              "uuid": "72608f81-e1f3-4a8c-8589-e786352e5a49",
              "parentUUID": "6b250f77-c229-40b6-8a56-c366f6fdd3ff",
              "isHook": false,
              "skipped": false
            },
            {
              "title": "should navigate to the '/stories' page",
              "fullTitle": "Check for render should navigate to the '/stories' page",
              "timedOut": null,
              "duration": 1575,
              "state": "passed",
              "speed": "slow",
              "pass": true,
              "fail": false,
              "pending": false,
              "context": null,
              "code": "cy.visit(root);\ncy.get(\"body\").should('not.contain', _error.ERROR_HEADER_TEXT);",
              "err": {},
              "uuid": "078b1e3c-ae0e-48e0-a7c4-79d3369dd5f9",
              "parentUUID": "6b250f77-c229-40b6-8a56-c366f6fdd3ff",
              "isHook": false,
              "skipped": false
            },
            {
              "title": "should navigate to the '/movies' page",
              "fullTitle": "Check for render should navigate to the '/movies' page",
              "timedOut": null,
              "duration": 4660,
              "state": "passed",
              "speed": "slow",
              "pass": true,
              "fail": false,
              "pending": false,
              "context": null,
              "code": "cy.visit(root);\ncy.get(\"body\").should('not.contain', _error.ERROR_HEADER_TEXT);",
              "err": {},
              "uuid": "a943fda7-180d-437f-ad6e-7eb2d250e679",
              "parentUUID": "6b250f77-c229-40b6-8a56-c366f6fdd3ff",
              "isHook": false,
              "skipped": false
            },
            {
              "title": "should navigate to the '/movies/tt0454876' page",
              "fullTitle": "Check for render should navigate to the '/movies/tt0454876' page",
              "timedOut": null,
              "duration": 2574,
              "state": "passed",
              "speed": "slow",
              "pass": true,
              "fail": false,
              "pending": false,
              "context": null,
              "code": "cy.visit(root);\ncy.get(\"body\").should('not.contain', _error.ERROR_HEADER_TEXT);",
              "err": {},
              "uuid": "d569129c-acf4-435c-b5f5-5575611fe434",
              "parentUUID": "6b250f77-c229-40b6-8a56-c366f6fdd3ff",
              "isHook": false,
              "skipped": false
            },
            {
              "title": "should navigate to the '/movies/festivals' page",
              "fullTitle": "Check for render should navigate to the '/movies/festivals' page",
              "timedOut": null,
              "duration": 3389,
              "state": "passed",
              "speed": "slow",
              "pass": true,
              "fail": false,
              "pending": false,
              "context": null,
              "code": "cy.visit(root);\ncy.get(\"body\").should('not.contain', _error.ERROR_HEADER_TEXT);",
              "err": {},
              "uuid": "59d7ad8c-8aa7-4025-ab1e-5c80ca9b0f82",
              "parentUUID": "6b250f77-c229-40b6-8a56-c366f6fdd3ff",
              "isHook": false,
              "skipped": false
            },
            {
              "title": "should navigate to the '/movies/festivals/mf00001' page",
              "fullTitle": "Check for render should navigate to the '/movies/festivals/mf00001' page",
              "timedOut": null,
              "duration": 2155,
              "state": "passed",
              "speed": "slow",
              "pass": true,
              "fail": false,
              "pending": false,
              "context": null,
              "code": "cy.visit(root);\ncy.get(\"body\").should('not.contain', _error.ERROR_HEADER_TEXT);",
              "err": {},
              "uuid": "adf7a752-3142-4208-87cf-c7a587f55a47",
              "parentUUID": "6b250f77-c229-40b6-8a56-c366f6fdd3ff",
              "isHook": false,
              "skipped": false
            },
            {
              "title": "should navigate to the '/movies/stories' page",
              "fullTitle": "Check for render should navigate to the '/movies/stories' page",
              "timedOut": null,
              "duration": 3009,
              "state": "passed",
              "speed": "slow",
              "pass": true,
              "fail": false,
              "pending": false,
              "context": null,
              "code": "cy.visit(root);\ncy.get(\"body\").should('not.contain', _error.ERROR_HEADER_TEXT);",
              "err": {},
              "uuid": "c1a2deaa-d4a5-4560-904e-28094b6ef9d5",
              "parentUUID": "6b250f77-c229-40b6-8a56-c366f6fdd3ff",
              "isHook": false,
              "skipped": false
            },
            {
              "title": "should navigate to the '/movies/stories/actors' page",
              "fullTitle": "Check for render should navigate to the '/movies/stories/actors' page",
              "timedOut": null,
              "duration": 2490,
              "state": "passed",
              "speed": "slow",
              "pass": true,
              "fail": false,
              "pending": false,
              "context": null,
              "code": "cy.visit(root);\ncy.get(\"body\").should('not.contain', _error.ERROR_HEADER_TEXT);",
              "err": {},
              "uuid": "f5344f22-f66f-4975-8906-748fa251ddf4",
              "parentUUID": "6b250f77-c229-40b6-8a56-c366f6fdd3ff",
              "isHook": false,
              "skipped": false
            },
            {
              "title": "should navigate to the '/movies/stories/awards' page",
              "fullTitle": "Check for render should navigate to the '/movies/stories/awards' page",
              "timedOut": null,
              "duration": 2636,
              "state": "passed",
              "speed": "slow",
              "pass": true,
              "fail": false,
              "pending": false,
              "context": null,
              "code": "cy.visit(root);\ncy.get(\"body\").should('not.contain', _error.ERROR_HEADER_TEXT);",
              "err": {},
              "uuid": "f7833b51-ac6b-4a70-9032-07a21f639c30",
              "parentUUID": "6b250f77-c229-40b6-8a56-c366f6fdd3ff",
              "isHook": false,
              "skipped": false
            },
            {
              "title": "should navigate to the '/movies/stories/awards/award=mf00001&&year=2015' page",
              "fullTitle": "Check for render should navigate to the '/movies/stories/awards/award=mf00001&&year=2015' page",
              "timedOut": null,
              "duration": 3680,
              "state": "passed",
              "speed": "slow",
              "pass": true,
              "fail": false,
              "pending": false,
              "context": null,
              "code": "cy.visit(root);\ncy.get(\"body\").should('not.contain', _error.ERROR_HEADER_TEXT);",
              "err": {},
              "uuid": "2f84e2d5-6b21-4e9d-b7ab-5641532f7935",
              "parentUUID": "6b250f77-c229-40b6-8a56-c366f6fdd3ff",
              "isHook": false,
              "skipped": false
            },
            {
              "title": "should navigate to the '/movies/stories/directors' page",
              "fullTitle": "Check for render should navigate to the '/movies/stories/directors' page",
              "timedOut": null,
              "duration": 2536,
              "state": "passed",
              "speed": "slow",
              "pass": true,
              "fail": false,
              "pending": false,
              "context": null,
              "code": "cy.visit(root);\ncy.get(\"body\").should('not.contain', _error.ERROR_HEADER_TEXT);",
              "err": {},
              "uuid": "7b154a8d-cb34-4011-b009-d523683ddde4",
              "parentUUID": "6b250f77-c229-40b6-8a56-c366f6fdd3ff",
              "isHook": false,
              "skipped": false
            },
            {
              "title": "should navigate to the '/movies/stories/remakes' page",
              "fullTitle": "Check for render should navigate to the '/movies/stories/remakes' page",
              "timedOut": null,
              "duration": 2753,
              "state": "passed",
              "speed": "slow",
              "pass": true,
              "fail": false,
              "pending": false,
              "context": null,
              "code": "cy.visit(root);\ncy.get(\"body\").should('not.contain', _error.ERROR_HEADER_TEXT);",
              "err": {},
              "uuid": "2c543ef5-7536-4ee3-a293-c4b42285ab74",
              "parentUUID": "6b250f77-c229-40b6-8a56-c366f6fdd3ff",
              "isHook": false,
              "skipped": false
            },
            {
              "title": "should navigate to the '/movies/stories/writers' page",
              "fullTitle": "Check for render should navigate to the '/movies/stories/writers' page",
              "timedOut": null,
              "duration": 2654,
              "state": "passed",
              "speed": "slow",
              "pass": true,
              "fail": false,
              "pending": false,
              "context": null,
              "code": "cy.visit(root);\ncy.get(\"body\").should('not.contain', _error.ERROR_HEADER_TEXT);",
              "err": {},
              "uuid": "cb66c8a7-d9b5-46fd-a1c4-59267074efb0",
              "parentUUID": "6b250f77-c229-40b6-8a56-c366f6fdd3ff",
              "isHook": false,
              "skipped": false
            },
            {
              "title": "should navigate to the '/tv-shows' page",
              "fullTitle": "Check for render should navigate to the '/tv-shows' page",
              "timedOut": null,
              "duration": 6354,
              "state": "passed",
              "speed": "slow",
              "pass": true,
              "fail": false,
              "pending": false,
              "context": null,
              "code": "cy.visit(root);\ncy.get(\"body\").should('not.contain', _error.ERROR_HEADER_TEXT);",
              "err": {},
              "uuid": "7f459bd2-b3da-4137-8f42-666ed575d23b",
              "parentUUID": "6b250f77-c229-40b6-8a56-c366f6fdd3ff",
              "isHook": false,
              "skipped": false
            },
            {
              "title": "should navigate to the '/tv-shows/tt0454876' page",
              "fullTitle": "Check for render should navigate to the '/tv-shows/tt0454876' page",
              "timedOut": null,
              "duration": 2404,
              "state": "passed",
              "speed": "slow",
              "pass": true,
              "fail": false,
              "pending": false,
              "context": null,
              "code": "cy.visit(root);\ncy.get(\"body\").should('not.contain', _error.ERROR_HEADER_TEXT);",
              "err": {},
              "uuid": "023fe711-ff27-47ed-9a8d-fccea6795f34",
              "parentUUID": "6b250f77-c229-40b6-8a56-c366f6fdd3ff",
              "isHook": false,
              "skipped": false
            },
            {
              "title": "should navigate to the '/tv-shows/stories' page",
              "fullTitle": "Check for render should navigate to the '/tv-shows/stories' page",
              "timedOut": null,
              "duration": 2647,
              "state": "passed",
              "speed": "slow",
              "pass": true,
              "fail": false,
              "pending": false,
              "context": null,
              "code": "cy.visit(root);\ncy.get(\"body\").should('not.contain', _error.ERROR_HEADER_TEXT);",
              "err": {},
              "uuid": "f7fd6cb9-5c6c-472a-857b-80c04a346983",
              "parentUUID": "6b250f77-c229-40b6-8a56-c366f6fdd3ff",
              "isHook": false,
              "skipped": false
            },
            {
              "title": "should navigate to the '/tv-shows/stories/actors' page",
              "fullTitle": "Check for render should navigate to the '/tv-shows/stories/actors' page",
              "timedOut": null,
              "duration": 2571,
              "state": "passed",
              "speed": "slow",
              "pass": true,
              "fail": false,
              "pending": false,
              "context": null,
              "code": "cy.visit(root);\ncy.get(\"body\").should('not.contain', _error.ERROR_HEADER_TEXT);",
              "err": {},
              "uuid": "c0fd22c1-519d-4304-8590-25b21f3a79b8",
              "parentUUID": "6b250f77-c229-40b6-8a56-c366f6fdd3ff",
              "isHook": false,
              "skipped": false
            },
            {
              "title": "should navigate to the '/tv-shows/stories/directors' page",
              "fullTitle": "Check for render should navigate to the '/tv-shows/stories/directors' page",
              "timedOut": null,
              "duration": 3151,
              "state": "passed",
              "speed": "slow",
              "pass": true,
              "fail": false,
              "pending": false,
              "context": null,
              "code": "cy.visit(root);\ncy.get(\"body\").should('not.contain', _error.ERROR_HEADER_TEXT);",
              "err": {},
              "uuid": "75098949-f941-4193-a35a-179696a8258a",
              "parentUUID": "6b250f77-c229-40b6-8a56-c366f6fdd3ff",
              "isHook": false,
              "skipped": false
            },
            {
              "title": "should navigate to the '/tv-shows/stories/remakes' page",
              "fullTitle": "Check for render should navigate to the '/tv-shows/stories/remakes' page",
              "timedOut": null,
              "duration": 6929,
              "state": "failed",
              "speed": null,
              "pass": false,
              "fail": true,
              "pending": false,
              "context": null,
              "code": "cy.visit(root);\ncy.get(\"body\").should('not.contain', _error.ERROR_HEADER_TEXT);",
              "err": {
                "message": "AssertionError: Timed out retrying after 4000ms: expected '<body>' not to contain 'ERROR: error in components'",
                "estack": "AssertionError: Timed out retrying after 4000ms: expected '<body>' not to contain 'ERROR: error in components'\n    at Context.eval (https://jmarroyave-compsci.github.io/__cypress/tests?p=src\\tests\\cypress\\integration\\app.spec.js:47068:22)",
                "diff": null
              },
              "uuid": "1c78d232-3249-4d5b-8ba5-4b0383ba5f01",
              "parentUUID": "6b250f77-c229-40b6-8a56-c366f6fdd3ff",
              "isHook": false,
              "skipped": false
            },
            {
              "title": "should navigate to the '/tv-shows/stories/writers' page",
              "fullTitle": "Check for render should navigate to the '/tv-shows/stories/writers' page",
              "timedOut": null,
              "duration": 2613,
              "state": "passed",
              "speed": "slow",
              "pass": true,
              "fail": false,
              "pending": false,
              "context": null,
              "code": "cy.visit(root);\ncy.get(\"body\").should('not.contain', _error.ERROR_HEADER_TEXT);",
              "err": {},
              "uuid": "6bb4b19a-2f19-46af-8a5b-550a745f6491",
              "parentUUID": "6b250f77-c229-40b6-8a56-c366f6fdd3ff",
              "isHook": false,
              "skipped": false
            },
            {
              "title": "should navigate to the '/video-games' page",
              "fullTitle": "Check for render should navigate to the '/video-games' page",
              "timedOut": null,
              "duration": 3164,
              "state": "passed",
              "speed": "slow",
              "pass": true,
              "fail": false,
              "pending": false,
              "context": null,
              "code": "cy.visit(root);\ncy.get(\"body\").should('not.contain', _error.ERROR_HEADER_TEXT);",
              "err": {},
              "uuid": "099875d4-8be0-4168-991a-9ae2daea5991",
              "parentUUID": "6b250f77-c229-40b6-8a56-c366f6fdd3ff",
              "isHook": false,
              "skipped": false
            },
            {
              "title": "should navigate to the '/video-games/stories' page",
              "fullTitle": "Check for render should navigate to the '/video-games/stories' page",
              "timedOut": null,
              "duration": 2342,
              "state": "passed",
              "speed": "slow",
              "pass": true,
              "fail": false,
              "pending": false,
              "context": null,
              "code": "cy.visit(root);\ncy.get(\"body\").should('not.contain', _error.ERROR_HEADER_TEXT);",
              "err": {},
              "uuid": "4f484b6b-35b5-41c9-b4d3-331f7fed0c84",
              "parentUUID": "6b250f77-c229-40b6-8a56-c366f6fdd3ff",
              "isHook": false,
              "skipped": false
            },
            {
              "title": "should navigate to the '/video-games/tt0022215' page",
              "fullTitle": "Check for render should navigate to the '/video-games/tt0022215' page",
              "timedOut": null,
              "duration": 3934,
              "state": "passed",
              "speed": "slow",
              "pass": true,
              "fail": false,
              "pending": false,
              "context": null,
              "code": "cy.visit(root);\ncy.get(\"body\").should('not.contain', _error.ERROR_HEADER_TEXT);",
              "err": {},
              "uuid": "319bb871-5ef7-4845-86a5-b1a873362867",
              "parentUUID": "6b250f77-c229-40b6-8a56-c366f6fdd3ff",
              "isHook": false,
              "skipped": false
            },
            {
              "title": "should navigate to the '/podcasts' page",
              "fullTitle": "Check for render should navigate to the '/podcasts' page",
              "timedOut": null,
              "duration": 2312,
              "state": "passed",
              "speed": "slow",
              "pass": true,
              "fail": false,
              "pending": false,
              "context": null,
              "code": "cy.visit(root);\ncy.get(\"body\").should('not.contain', _error.ERROR_HEADER_TEXT);",
              "err": {},
              "uuid": "2a4018c3-f8fc-40ef-8164-3c75aecf6e54",
              "parentUUID": "6b250f77-c229-40b6-8a56-c366f6fdd3ff",
              "isHook": false,
              "skipped": false
            },
            {
              "title": "should navigate to the '/podcasts/stories' page",
              "fullTitle": "Check for render should navigate to the '/podcasts/stories' page",
              "timedOut": null,
              "duration": 1946,
              "state": "passed",
              "speed": "slow",
              "pass": true,
              "fail": false,
              "pending": false,
              "context": null,
              "code": "cy.visit(root);\ncy.get(\"body\").should('not.contain', _error.ERROR_HEADER_TEXT);",
              "err": {},
              "uuid": "79d21071-5ecc-47ad-a84a-35110a4351e1",
              "parentUUID": "6b250f77-c229-40b6-8a56-c366f6fdd3ff",
              "isHook": false,
              "skipped": false
            },
            {
              "title": "should navigate to the '/podcasts/0002da5f-49a2-31ba-b44c-cdeabdf113cb' page",
              "fullTitle": "Check for render should navigate to the '/podcasts/0002da5f-49a2-31ba-b44c-cdeabdf113cb' page",
              "timedOut": null,
              "duration": 1896,
              "state": "passed",
              "speed": "slow",
              "pass": true,
              "fail": false,
              "pending": false,
              "context": null,
              "code": "cy.visit(root);\ncy.get(\"body\").should('not.contain', _error.ERROR_HEADER_TEXT);",
              "err": {},
              "uuid": "9d640b25-60a9-4797-80e2-83142d71f27c",
              "parentUUID": "6b250f77-c229-40b6-8a56-c366f6fdd3ff",
              "isHook": false,
              "skipped": false
            },
            {
              "title": "should navigate to the '/people' page",
              "fullTitle": "Check for render should navigate to the '/people' page",
              "timedOut": null,
              "duration": 2759,
              "state": "passed",
              "speed": "slow",
              "pass": true,
              "fail": false,
              "pending": false,
              "context": null,
              "code": "cy.visit(root);\ncy.get(\"body\").should('not.contain', _error.ERROR_HEADER_TEXT);",
              "err": {},
              "uuid": "0b6a2263-76fc-4123-bf81-2753aec23b39",
              "parentUUID": "6b250f77-c229-40b6-8a56-c366f6fdd3ff",
              "isHook": false,
              "skipped": false
            },
            {
              "title": "should navigate to the '/people/stories' page",
              "fullTitle": "Check for render should navigate to the '/people/stories' page",
              "timedOut": null,
              "duration": 2152,
              "state": "passed",
              "speed": "slow",
              "pass": true,
              "fail": false,
              "pending": false,
              "context": null,
              "code": "cy.visit(root);\ncy.get(\"body\").should('not.contain', _error.ERROR_HEADER_TEXT);",
              "err": {},
              "uuid": "8e17b061-b282-48c3-ba21-b7c0d811989f",
              "parentUUID": "6b250f77-c229-40b6-8a56-c366f6fdd3ff",
              "isHook": false,
              "skipped": false
            },
            {
              "title": "should navigate to the '/people/nm0000158' page",
              "fullTitle": "Check for render should navigate to the '/people/nm0000158' page",
              "timedOut": null,
              "duration": 2227,
              "state": "passed",
              "speed": "slow",
              "pass": true,
              "fail": false,
              "pending": false,
              "context": null,
              "code": "cy.visit(root);\ncy.get(\"body\").should('not.contain', _error.ERROR_HEADER_TEXT);",
              "err": {},
              "uuid": "35861240-234f-4269-b03b-573ee8000815",
              "parentUUID": "6b250f77-c229-40b6-8a56-c366f6fdd3ff",
              "isHook": false,
              "skipped": false
            },
            {
              "title": "should navigate to the '/search' page",
              "fullTitle": "Check for render should navigate to the '/search' page",
              "timedOut": null,
              "duration": 3025,
              "state": "passed",
              "speed": "slow",
              "pass": true,
              "fail": false,
              "pending": false,
              "context": null,
              "code": "cy.visit(root);\ncy.get(\"body\").should('not.contain', _error.ERROR_HEADER_TEXT);",
              "err": {},
              "uuid": "3b33cd64-e77d-4dd9-aefa-5b05376ab9a4",
              "parentUUID": "6b250f77-c229-40b6-8a56-c366f6fdd3ff",
              "isHook": false,
              "skipped": false
            },
            {
              "title": "should navigate to the '/about' page",
              "fullTitle": "Check for render should navigate to the '/about' page",
              "timedOut": null,
              "duration": 2763,
              "state": "passed",
              "speed": "slow",
              "pass": true,
              "fail": false,
              "pending": false,
              "context": null,
              "code": "cy.visit(root);\ncy.get(\"body\").should('not.contain', _error.ERROR_HEADER_TEXT);",
              "err": {},
              "uuid": "d53e4985-fc39-47f9-84a6-1f08a60fcb39",
              "parentUUID": "6b250f77-c229-40b6-8a56-c366f6fdd3ff",
              "isHook": false,
              "skipped": false
            },
            {
              "title": "should navigate to the '/about/data' page",
              "fullTitle": "Check for render should navigate to the '/about/data' page",
              "timedOut": null,
              "duration": 1607,
              "state": "passed",
              "speed": "slow",
              "pass": true,
              "fail": false,
              "pending": false,
              "context": null,
              "code": "cy.visit(root);\ncy.get(\"body\").should('not.contain', _error.ERROR_HEADER_TEXT);",
              "err": {},
              "uuid": "c22c95d0-f042-4a76-9618-91e3cdc19f09",
              "parentUUID": "6b250f77-c229-40b6-8a56-c366f6fdd3ff",
              "isHook": false,
              "skipped": false
            },
            {
              "title": "should navigate to the '/about/project' page",
              "fullTitle": "Check for render should navigate to the '/about/project' page",
              "timedOut": null,
              "duration": 6333,
              "state": "failed",
              "speed": null,
              "pass": false,
              "fail": true,
              "pending": false,
              "context": null,
              "code": "cy.visit(root);\ncy.get(\"body\").should('not.contain', _error.ERROR_HEADER_TEXT);",
              "err": {
                "message": "AssertionError: Timed out retrying after 4000ms: expected '<body>' not to contain 'ERROR: error in components'",
                "estack": "AssertionError: Timed out retrying after 4000ms: expected '<body>' not to contain 'ERROR: error in components'\n    at Context.eval (https://jmarroyave-compsci.github.io/__cypress/tests?p=src\\tests\\cypress\\integration\\app.spec.js:47068:22)",
                "diff": null
              },
              "uuid": "1ab042ec-5b13-49b6-8827-5a9c8565f3fa",
              "parentUUID": "6b250f77-c229-40b6-8a56-c366f6fdd3ff",
              "isHook": false,
              "skipped": false
            },
            {
              "title": "should navigate to the '/about/project/log' page",
              "fullTitle": "Check for render should navigate to the '/about/project/log' page",
              "timedOut": null,
              "duration": 1778,
              "state": "passed",
              "speed": "slow",
              "pass": true,
              "fail": false,
              "pending": false,
              "context": null,
              "code": "cy.visit(root);\ncy.get(\"body\").should('not.contain', _error.ERROR_HEADER_TEXT);",
              "err": {},
              "uuid": "5e648ef3-c633-4dc1-a964-7a2baa1abeba",
              "parentUUID": "6b250f77-c229-40b6-8a56-c366f6fdd3ff",
              "isHook": false,
              "skipped": false
            },
            {
              "title": "should navigate to the '/about/project/log/posts/7-7-v-1-1' page",
              "fullTitle": "Check for render should navigate to the '/about/project/log/posts/7-7-v-1-1' page",
              "timedOut": null,
              "duration": 3690,
              "state": "passed",
              "speed": "slow",
              "pass": true,
              "fail": false,
              "pending": false,
              "context": null,
              "code": "cy.visit(root);\ncy.get(\"body\").should('not.contain', _error.ERROR_HEADER_TEXT);",
              "err": {},
              "uuid": "02e1e756-6162-4e89-bd55-ee4fd86da34d",
              "parentUUID": "6b250f77-c229-40b6-8a56-c366f6fdd3ff",
              "isHook": false,
              "skipped": false
            },
            {
              "title": "should navigate to the '/about/project/roadmap' page",
              "fullTitle": "Check for render should navigate to the '/about/project/roadmap' page",
              "timedOut": null,
              "duration": 2929,
              "state": "passed",
              "speed": "slow",
              "pass": true,
              "fail": false,
              "pending": false,
              "context": null,
              "code": "cy.visit(root);\ncy.get(\"body\").should('not.contain', _error.ERROR_HEADER_TEXT);",
              "err": {},
              "uuid": "9ef14f7e-3edf-45fc-ba83-bf9ce2c1f5e2",
              "parentUUID": "6b250f77-c229-40b6-8a56-c366f6fdd3ff",
              "isHook": false,
              "skipped": false
            },
            {
              "title": "should navigate to the '/about/project/sitemap' page",
              "fullTitle": "Check for render should navigate to the '/about/project/sitemap' page",
              "timedOut": null,
              "duration": 3736,
              "state": "passed",
              "speed": "slow",
              "pass": true,
              "fail": false,
              "pending": false,
              "context": null,
              "code": "cy.visit(root);\ncy.get(\"body\").should('not.contain', _error.ERROR_HEADER_TEXT);",
              "err": {},
              "uuid": "e53b16d0-01a4-4707-95a5-d882f577eb0f",
              "parentUUID": "6b250f77-c229-40b6-8a56-c366f6fdd3ff",
              "isHook": false,
              "skipped": false
            },
            {
              "title": "should navigate to the '/about/tech' page",
              "fullTitle": "Check for render should navigate to the '/about/tech' page",
              "timedOut": null,
              "duration": 2786,
              "state": "passed",
              "speed": "slow",
              "pass": true,
              "fail": false,
              "pending": false,
              "context": null,
              "code": "cy.visit(root);\ncy.get(\"body\").should('not.contain', _error.ERROR_HEADER_TEXT);",
              "err": {},
              "uuid": "51915434-4d22-4478-9359-e79c0cf4ea16",
              "parentUUID": "6b250f77-c229-40b6-8a56-c366f6fdd3ff",
              "isHook": false,
              "skipped": false
            },
            {
              "title": "should navigate to the '/about/timeline' page",
              "fullTitle": "Check for render should navigate to the '/about/timeline' page",
              "timedOut": null,
              "duration": 5562,
              "state": "passed",
              "speed": "slow",
              "pass": true,
              "fail": false,
              "pending": false,
              "context": null,
              "code": "cy.visit(root);\ncy.get(\"body\").should('not.contain', _error.ERROR_HEADER_TEXT);",
              "err": {},
              "uuid": "d4a97bc5-6464-4de3-936e-63dec8767a67",
              "parentUUID": "6b250f77-c229-40b6-8a56-c366f6fdd3ff",
              "isHook": false,
              "skipped": false
            }
          ],
          "suites": [],
          "passes": [
            "72608f81-e1f3-4a8c-8589-e786352e5a49",
            "078b1e3c-ae0e-48e0-a7c4-79d3369dd5f9",
            "a943fda7-180d-437f-ad6e-7eb2d250e679",
            "d569129c-acf4-435c-b5f5-5575611fe434",
            "59d7ad8c-8aa7-4025-ab1e-5c80ca9b0f82",
            "adf7a752-3142-4208-87cf-c7a587f55a47",
            "c1a2deaa-d4a5-4560-904e-28094b6ef9d5",
            "f5344f22-f66f-4975-8906-748fa251ddf4",
            "f7833b51-ac6b-4a70-9032-07a21f639c30",
            "2f84e2d5-6b21-4e9d-b7ab-5641532f7935",
            "7b154a8d-cb34-4011-b009-d523683ddde4",
            "2c543ef5-7536-4ee3-a293-c4b42285ab74",
            "cb66c8a7-d9b5-46fd-a1c4-59267074efb0",
            "7f459bd2-b3da-4137-8f42-666ed575d23b",
            "023fe711-ff27-47ed-9a8d-fccea6795f34",
            "f7fd6cb9-5c6c-472a-857b-80c04a346983",
            "c0fd22c1-519d-4304-8590-25b21f3a79b8",
            "75098949-f941-4193-a35a-179696a8258a",
            "6bb4b19a-2f19-46af-8a5b-550a745f6491",
            "099875d4-8be0-4168-991a-9ae2daea5991",
            "4f484b6b-35b5-41c9-b4d3-331f7fed0c84",
            "319bb871-5ef7-4845-86a5-b1a873362867",
            "2a4018c3-f8fc-40ef-8164-3c75aecf6e54",
            "79d21071-5ecc-47ad-a84a-35110a4351e1",
            "9d640b25-60a9-4797-80e2-83142d71f27c",
            "0b6a2263-76fc-4123-bf81-2753aec23b39",
            "8e17b061-b282-48c3-ba21-b7c0d811989f",
            "35861240-234f-4269-b03b-573ee8000815",
            "3b33cd64-e77d-4dd9-aefa-5b05376ab9a4",
            "d53e4985-fc39-47f9-84a6-1f08a60fcb39",
            "c22c95d0-f042-4a76-9618-91e3cdc19f09",
            "5e648ef3-c633-4dc1-a964-7a2baa1abeba",
            "02e1e756-6162-4e89-bd55-ee4fd86da34d",
            "9ef14f7e-3edf-45fc-ba83-bf9ce2c1f5e2",
            "e53b16d0-01a4-4707-95a5-d882f577eb0f",
            "51915434-4d22-4478-9359-e79c0cf4ea16",
            "d4a97bc5-6464-4de3-936e-63dec8767a67"
          ],
          "failures": [
            "1c78d232-3249-4d5b-8ba5-4b0383ba5f01",
            "1ab042ec-5b13-49b6-8827-5a9c8565f3fa"
          ],
          "pending": [],
          "skipped": [],
          "duration": 128487,
          "root": false,
          "rootEmpty": false,
          "_timeout": 2000
        }
      ],
      "passes": [],
      "failures": [],
      "pending": [],
      "skipped": [],
      "duration": 0,
      "root": true,
      "rootEmpty": true,
      "_timeout": 2000
    }
  ],
  "meta": {
    "mocha": {
      "version": "7.0.1"
    },
    "mochawesome": {
      "options": {
        "quiet": false,
        "reportFilename": "mochawesome",
        "saveHtml": false,
        "saveJson": true,
        "consoleReporter": "spec",
        "useInlineDiffs": false,
        "code": true
      },
      "version": "7.0.1"
    },
    "marge": {
      "options": {
        "charts": true,
        "overwrite": false,
        "html": false,
        "json": true,
        "reportDir": "src/tests/cypress/report/mochawesome-report"
      },
      "version": "6.0.1"
    }
  }
}